[2.289s] DEBUG:colcon:Command line arguments: ['/home/ruben/.local/bin/colcon', 'build']
[2.289s] DEBUG:colcon:Parsed command line arguments: Namespace(allow_overriding=[], ament_cmake_args=None, base_paths=['.'], build_base='build', catkin_cmake_args=None, catkin_skip_building_tests=False, cmake_args=None, cmake_clean_cache=False, cmake_clean_first=False, cmake_force_configure=False, cmake_target=None, cmake_target_skip_unavailable=False, continue_on_error=False, event_handlers=None, executor='parallel', ignore_user_meta=False, install_base='install', log_base=None, log_level=None, main=<bound method BuildVerb.main of <colcon_core.verb.build.BuildVerb object at 0x7f6035edb160>>, merge_install=False, metas=['./colcon.meta'], packages_above=None, packages_above_and_dependencies=None, packages_above_depth=None, packages_end=None, packages_ignore=None, packages_ignore_regex=None, packages_select=None, packages_select_build_failed=False, packages_select_by_dep=None, packages_select_regex=None, packages_select_test_failures=False, packages_skip=None, packages_skip_build_finished=False, packages_skip_by_dep=None, packages_skip_regex=None, packages_skip_test_passed=False, packages_skip_up_to=None, packages_start=None, packages_up_to=None, packages_up_to_regex=None, parallel_workers=2, paths=None, symlink_install=False, test_result_base=None, verb_extension=<colcon_core.verb.build.BuildVerb object at 0x7f6035edb160>, verb_name='build', verb_parser=<colcon_defaults.argument_parser.defaults.DefaultArgumentsDecorator object at 0x7f6035edb6a0>)
[2.512s] Level 1:colcon.colcon_core.package_discovery:discover_packages(colcon_meta) check parameters
[2.513s] Level 1:colcon.colcon_core.package_discovery:discover_packages(recursive) check parameters
[2.513s] Level 1:colcon.colcon_core.package_discovery:discover_packages(ignore) check parameters
[2.513s] Level 1:colcon.colcon_core.package_discovery:discover_packages(path) check parameters
[2.513s] Level 1:colcon.colcon_core.package_discovery:discover_packages(colcon_meta) discover
[2.513s] Level 1:colcon.colcon_core.package_discovery:discover_packages(recursive) discover
[2.513s] INFO:colcon.colcon_core.package_discovery:Crawling recursively for packages in '/home/ruben/ciic'
[2.514s] Level 1:colcon.colcon_core.package_identification:_identify(.) by extensions ['ignore', 'ignore_ament_install']
[2.514s] Level 1:colcon.colcon_core.package_identification:_identify(.) by extension 'ignore'
[2.514s] Level 1:colcon.colcon_core.package_identification:_identify(.) by extension 'ignore_ament_install'
[2.514s] Level 1:colcon.colcon_core.package_identification:_identify(.) by extensions ['colcon_pkg']
[2.514s] Level 1:colcon.colcon_core.package_identification:_identify(.) by extension 'colcon_pkg'
[2.515s] Level 1:colcon.colcon_core.package_identification:_identify(.) by extensions ['colcon_meta']
[2.515s] Level 1:colcon.colcon_core.package_identification:_identify(.) by extension 'colcon_meta'
[2.515s] Level 1:colcon.colcon_core.package_identification:_identify(.) by extensions ['ros']
[2.515s] Level 1:colcon.colcon_core.package_identification:_identify(.) by extension 'ros'
[2.572s] Level 1:colcon.colcon_core.package_identification:_identify(.) by extensions ['cmake', 'python']
[2.573s] Level 1:colcon.colcon_core.package_identification:_identify(.) by extension 'cmake'
[2.573s] Level 1:colcon.colcon_core.package_identification:_identify(.) by extension 'python'
[2.573s] Level 1:colcon.colcon_core.package_identification:_identify(.) by extensions ['python_setup_py']
[2.573s] Level 1:colcon.colcon_core.package_identification:_identify(.) by extension 'python_setup_py'
[2.573s] Level 1:colcon.colcon_core.package_identification:_identify(build) by extensions ['ignore', 'ignore_ament_install']
[2.574s] Level 1:colcon.colcon_core.package_identification:_identify(build) by extension 'ignore'
[2.574s] Level 1:colcon.colcon_core.package_identification:_identify(build) ignored
[2.575s] Level 1:colcon.colcon_core.package_identification:_identify(install) by extensions ['ignore', 'ignore_ament_install']
[2.575s] Level 1:colcon.colcon_core.package_identification:_identify(install) by extension 'ignore'
[2.575s] Level 1:colcon.colcon_core.package_identification:_identify(install) ignored
[2.576s] Level 1:colcon.colcon_core.package_identification:_identify(log) by extensions ['ignore', 'ignore_ament_install']
[2.576s] Level 1:colcon.colcon_core.package_identification:_identify(log) by extension 'ignore'
[2.577s] Level 1:colcon.colcon_core.package_identification:_identify(log) ignored
[2.577s] Level 1:colcon.colcon_core.package_identification:_identify(src) by extensions ['ignore', 'ignore_ament_install']
[2.577s] Level 1:colcon.colcon_core.package_identification:_identify(src) by extension 'ignore'
[2.578s] Level 1:colcon.colcon_core.package_identification:_identify(src) by extension 'ignore_ament_install'
[2.578s] Level 1:colcon.colcon_core.package_identification:_identify(src) by extensions ['colcon_pkg']
[2.578s] Level 1:colcon.colcon_core.package_identification:_identify(src) by extension 'colcon_pkg'
[2.578s] Level 1:colcon.colcon_core.package_identification:_identify(src) by extensions ['colcon_meta']
[2.579s] Level 1:colcon.colcon_core.package_identification:_identify(src) by extension 'colcon_meta'
[2.579s] Level 1:colcon.colcon_core.package_identification:_identify(src) by extensions ['ros']
[2.579s] Level 1:colcon.colcon_core.package_identification:_identify(src) by extension 'ros'
[2.579s] Level 1:colcon.colcon_core.package_identification:_identify(src) by extensions ['cmake', 'python']
[2.580s] Level 1:colcon.colcon_core.package_identification:_identify(src) by extension 'cmake'
[2.580s] Level 1:colcon.colcon_core.package_identification:_identify(src) by extension 'python'
[2.580s] Level 1:colcon.colcon_core.package_identification:_identify(src) by extensions ['python_setup_py']
[2.580s] Level 1:colcon.colcon_core.package_identification:_identify(src) by extension 'python_setup_py'
[2.581s] Level 1:colcon.colcon_core.package_identification:_identify(src/ciic_ros_tasks_messages) by extensions ['ignore', 'ignore_ament_install']
[2.581s] Level 1:colcon.colcon_core.package_identification:_identify(src/ciic_ros_tasks_messages) by extension 'ignore'
[2.581s] Level 1:colcon.colcon_core.package_identification:_identify(src/ciic_ros_tasks_messages) by extension 'ignore_ament_install'
[2.582s] Level 1:colcon.colcon_core.package_identification:_identify(src/ciic_ros_tasks_messages) by extensions ['colcon_pkg']
[2.582s] Level 1:colcon.colcon_core.package_identification:_identify(src/ciic_ros_tasks_messages) by extension 'colcon_pkg'
[2.582s] Level 1:colcon.colcon_core.package_identification:_identify(src/ciic_ros_tasks_messages) by extensions ['colcon_meta']
[2.582s] Level 1:colcon.colcon_core.package_identification:_identify(src/ciic_ros_tasks_messages) by extension 'colcon_meta'
[2.582s] Level 1:colcon.colcon_core.package_identification:_identify(src/ciic_ros_tasks_messages) by extensions ['ros']
[2.583s] Level 1:colcon.colcon_core.package_identification:_identify(src/ciic_ros_tasks_messages) by extension 'ros'
[2.594s] DEBUG:colcon.colcon_core.package_identification:Package 'src/ciic_ros_tasks_messages' with type 'ros.ament_cmake' and name 'ciic_ros_tasks_messages'
[2.594s] Level 1:colcon.colcon_core.package_discovery:discover_packages(recursive) using defaults
[2.594s] Level 1:colcon.colcon_core.package_discovery:discover_packages(ignore) discover
[2.594s] Level 1:colcon.colcon_core.package_discovery:discover_packages(ignore) using defaults
[2.595s] Level 1:colcon.colcon_core.package_discovery:discover_packages(path) discover
[2.595s] Level 1:colcon.colcon_core.package_discovery:discover_packages(path) using defaults
[2.741s] Level 1:colcon.colcon_core.package_discovery:discover_packages(prefix_path) check parameters
[2.742s] Level 1:colcon.colcon_core.package_discovery:discover_packages(prefix_path) discover
[2.772s] DEBUG:colcon.colcon_installed_package_information.package_discovery:Found 169 installed packages in /opt/ros/foxy
[2.775s] Level 1:colcon.colcon_core.package_discovery:discover_packages(prefix_path) using defaults
[2.972s] Level 5:colcon.colcon_core.verb:set package 'ciic_ros_tasks_messages' build argument 'cmake_args' from command line to 'None'
[2.972s] Level 5:colcon.colcon_core.verb:set package 'ciic_ros_tasks_messages' build argument 'cmake_target' from command line to 'None'
[2.972s] Level 5:colcon.colcon_core.verb:set package 'ciic_ros_tasks_messages' build argument 'cmake_target_skip_unavailable' from command line to 'False'
[2.972s] Level 5:colcon.colcon_core.verb:set package 'ciic_ros_tasks_messages' build argument 'cmake_clean_cache' from command line to 'False'
[2.973s] Level 5:colcon.colcon_core.verb:set package 'ciic_ros_tasks_messages' build argument 'cmake_clean_first' from command line to 'False'
[2.973s] Level 5:colcon.colcon_core.verb:set package 'ciic_ros_tasks_messages' build argument 'cmake_force_configure' from command line to 'False'
[2.973s] Level 5:colcon.colcon_core.verb:set package 'ciic_ros_tasks_messages' build argument 'ament_cmake_args' from command line to 'None'
[2.973s] Level 5:colcon.colcon_core.verb:set package 'ciic_ros_tasks_messages' build argument 'catkin_cmake_args' from command line to 'None'
[2.973s] Level 5:colcon.colcon_core.verb:set package 'ciic_ros_tasks_messages' build argument 'catkin_skip_building_tests' from command line to 'False'
[2.973s] DEBUG:colcon.colcon_core.verb:Building package 'ciic_ros_tasks_messages' with the following arguments: {'ament_cmake_args': None, 'build_base': '/home/ruben/ciic/build/ciic_ros_tasks_messages', 'catkin_cmake_args': None, 'catkin_skip_building_tests': False, 'cmake_args': None, 'cmake_clean_cache': False, 'cmake_clean_first': False, 'cmake_force_configure': False, 'cmake_target': None, 'cmake_target_skip_unavailable': False, 'install_base': '/home/ruben/ciic/install/ciic_ros_tasks_messages', 'merge_install': False, 'path': '/home/ruben/ciic/src/ciic_ros_tasks_messages', 'symlink_install': False, 'test_result_base': None}
[2.982s] INFO:colcon.colcon_core.executor:Executing jobs using 'parallel' executor
[3.026s] DEBUG:colcon.colcon_parallel_executor.executor.parallel:run_until_complete
[3.027s] INFO:colcon.colcon_ros.task.ament_cmake.build:Building ROS package in '/home/ruben/ciic/src/ciic_ros_tasks_messages' with build type 'ament_cmake'
[3.027s] INFO:colcon.colcon_cmake.task.cmake.build:Building CMake package in '/home/ruben/ciic/src/ciic_ros_tasks_messages'
[3.077s] INFO:colcon.colcon_core.plugin_system:Skipping extension 'colcon_core.shell.bat': Not used on non-Windows systems
[3.078s] INFO:colcon.colcon_core.shell:Skip shell extension 'powershell' for command environment: Not usable outside of PowerShell
[3.078s] DEBUG:colcon.colcon_core.shell:Skip shell extension 'dsv' for command environment
[3.131s] DEBUG:colcon.colcon_core.event_handler.log_command:Invoking command in '/home/ruben/ciic/build/ciic_ros_tasks_messages': CMAKE_PREFIX_PATH=/opt/ros/foxy /usr/bin/cmake /home/ruben/ciic/src/ciic_ros_tasks_messages -DCMAKE_INSTALL_PREFIX=/home/ruben/ciic/install/ciic_ros_tasks_messages
[8.661s] DEBUG:colcon.colcon_core.event_handler.log_command:Invoked command in '/home/ruben/ciic/build/ciic_ros_tasks_messages' returned '0': CMAKE_PREFIX_PATH=/opt/ros/foxy /usr/bin/cmake /home/ruben/ciic/src/ciic_ros_tasks_messages -DCMAKE_INSTALL_PREFIX=/home/ruben/ciic/install/ciic_ros_tasks_messages
[8.670s] DEBUG:colcon.colcon_core.event_handler.log_command:Invoking command in '/home/ruben/ciic/build/ciic_ros_tasks_messages': CMAKE_PREFIX_PATH=/opt/ros/foxy /usr/bin/cmake --build /home/ruben/ciic/build/ciic_ros_tasks_messages -- -j2 -l2
[36.261s] DEBUG:colcon.colcon_core.event_handler.log_command:Invoked command in '/home/ruben/ciic/build/ciic_ros_tasks_messages' returned '0': CMAKE_PREFIX_PATH=/opt/ros/foxy /usr/bin/cmake --build /home/ruben/ciic/build/ciic_ros_tasks_messages -- -j2 -l2
[36.467s] DEBUG:colcon.colcon_core.event_handler.log_command:Invoking command in '/home/ruben/ciic/build/ciic_ros_tasks_messages': CMAKE_PREFIX_PATH=/opt/ros/foxy /usr/bin/cmake --install /home/ruben/ciic/build/ciic_ros_tasks_messages
[36.656s] Level 1:colcon.colcon_core.environment:create_environment_scripts_only(ciic_ros_tasks_messages)
[36.659s] DEBUG:colcon.colcon_core.event_handler.log_command:Invoked command in '/home/ruben/ciic/build/ciic_ros_tasks_messages' returned '0': CMAKE_PREFIX_PATH=/opt/ros/foxy /usr/bin/cmake --install /home/ruben/ciic/build/ciic_ros_tasks_messages
[36.740s] Level 1:colcon.colcon_core.environment:checking '/home/ruben/ciic/install/ciic_ros_tasks_messages' for CMake module files
[36.742s] Level 1:colcon.colcon_core.environment:checking '/home/ruben/ciic/install/ciic_ros_tasks_messages' for CMake config files
[36.743s] Level 1:colcon.colcon_core.shell:create_environment_hook('ciic_ros_tasks_messages', 'cmake_prefix_path')
[36.761s] INFO:colcon.colcon_core.shell:Creating environment hook '/home/ruben/ciic/install/ciic_ros_tasks_messages/share/ciic_ros_tasks_messages/hook/cmake_prefix_path.ps1'
[36.764s] INFO:colcon.colcon_core.shell:Creating environment descriptor '/home/ruben/ciic/install/ciic_ros_tasks_messages/share/ciic_ros_tasks_messages/hook/cmake_prefix_path.dsv'
[36.766s] INFO:colcon.colcon_core.shell:Creating environment hook '/home/ruben/ciic/install/ciic_ros_tasks_messages/share/ciic_ros_tasks_messages/hook/cmake_prefix_path.sh'
[36.769s] Level 1:colcon.colcon_core.environment:checking '/home/ruben/ciic/install/ciic_ros_tasks_messages/lib'
[36.769s] Level 1:colcon.colcon_core.shell:create_environment_hook('ciic_ros_tasks_messages', 'ld_library_path_lib')
[36.783s] INFO:colcon.colcon_core.shell:Creating environment hook '/home/ruben/ciic/install/ciic_ros_tasks_messages/share/ciic_ros_tasks_messages/hook/ld_library_path_lib.ps1'
[36.784s] INFO:colcon.colcon_core.shell:Creating environment descriptor '/home/ruben/ciic/install/ciic_ros_tasks_messages/share/ciic_ros_tasks_messages/hook/ld_library_path_lib.dsv'
[36.785s] INFO:colcon.colcon_core.shell:Creating environment hook '/home/ruben/ciic/install/ciic_ros_tasks_messages/share/ciic_ros_tasks_messages/hook/ld_library_path_lib.sh'
[36.786s] Level 1:colcon.colcon_core.environment:checking '/home/ruben/ciic/install/ciic_ros_tasks_messages/bin'
[36.786s] Level 1:colcon.colcon_core.environment:checking '/home/ruben/ciic/install/ciic_ros_tasks_messages/lib/pkgconfig/ciic_ros_tasks_messages.pc'
[36.787s] Level 1:colcon.colcon_core.environment:checking '/home/ruben/ciic/install/ciic_ros_tasks_messages/lib/python3.8/site-packages'
[36.787s] Level 1:colcon.colcon_core.shell:create_environment_hook('ciic_ros_tasks_messages', 'pythonpath')
[36.798s] INFO:colcon.colcon_core.shell:Creating environment hook '/home/ruben/ciic/install/ciic_ros_tasks_messages/share/ciic_ros_tasks_messages/hook/pythonpath.ps1'
[36.799s] INFO:colcon.colcon_core.shell:Creating environment descriptor '/home/ruben/ciic/install/ciic_ros_tasks_messages/share/ciic_ros_tasks_messages/hook/pythonpath.dsv'
[36.800s] INFO:colcon.colcon_core.shell:Creating environment hook '/home/ruben/ciic/install/ciic_ros_tasks_messages/share/ciic_ros_tasks_messages/hook/pythonpath.sh'
[36.801s] Level 1:colcon.colcon_core.environment:checking '/home/ruben/ciic/install/ciic_ros_tasks_messages/bin'
[36.814s] INFO:colcon.colcon_core.shell:Creating package script '/home/ruben/ciic/install/ciic_ros_tasks_messages/share/ciic_ros_tasks_messages/package.ps1'
[36.817s] INFO:colcon.colcon_core.shell:Creating package descriptor '/home/ruben/ciic/install/ciic_ros_tasks_messages/share/ciic_ros_tasks_messages/package.dsv'
[36.819s] INFO:colcon.colcon_core.shell:Creating package script '/home/ruben/ciic/install/ciic_ros_tasks_messages/share/ciic_ros_tasks_messages/package.sh'
[36.821s] INFO:colcon.colcon_core.shell:Creating package script '/home/ruben/ciic/install/ciic_ros_tasks_messages/share/ciic_ros_tasks_messages/package.bash'
[36.824s] INFO:colcon.colcon_core.shell:Creating package script '/home/ruben/ciic/install/ciic_ros_tasks_messages/share/ciic_ros_tasks_messages/package.zsh'
[36.828s] Level 1:colcon.colcon_core.environment:create_file_with_runtime_dependencies(/home/ruben/ciic/install/ciic_ros_tasks_messages/share/colcon-core/packages/ciic_ros_tasks_messages)
[37.001s] Level 1:colcon.colcon_core.environment:create_environment_scripts_only(ciic_ros_tasks_messages)
[37.015s] Level 1:colcon.colcon_core.environment:checking '/home/ruben/ciic/install/ciic_ros_tasks_messages' for CMake module files
[37.017s] Level 1:colcon.colcon_core.environment:checking '/home/ruben/ciic/install/ciic_ros_tasks_messages' for CMake config files
[37.018s] Level 1:colcon.colcon_core.shell:create_environment_hook('ciic_ros_tasks_messages', 'cmake_prefix_path')
[37.034s] INFO:colcon.colcon_core.shell:Creating environment hook '/home/ruben/ciic/install/ciic_ros_tasks_messages/share/ciic_ros_tasks_messages/hook/cmake_prefix_path.ps1'
[37.035s] INFO:colcon.colcon_core.shell:Creating environment descriptor '/home/ruben/ciic/install/ciic_ros_tasks_messages/share/ciic_ros_tasks_messages/hook/cmake_prefix_path.dsv'
[37.036s] INFO:colcon.colcon_core.shell:Creating environment hook '/home/ruben/ciic/install/ciic_ros_tasks_messages/share/ciic_ros_tasks_messages/hook/cmake_prefix_path.sh'
[37.038s] Level 1:colcon.colcon_core.environment:checking '/home/ruben/ciic/install/ciic_ros_tasks_messages/lib'
[37.039s] Level 1:colcon.colcon_core.shell:create_environment_hook('ciic_ros_tasks_messages', 'ld_library_path_lib')
[37.055s] INFO:colcon.colcon_core.shell:Creating environment hook '/home/ruben/ciic/install/ciic_ros_tasks_messages/share/ciic_ros_tasks_messages/hook/ld_library_path_lib.ps1'
[37.056s] INFO:colcon.colcon_core.shell:Creating environment descriptor '/home/ruben/ciic/install/ciic_ros_tasks_messages/share/ciic_ros_tasks_messages/hook/ld_library_path_lib.dsv'
[37.057s] INFO:colcon.colcon_core.shell:Creating environment hook '/home/ruben/ciic/install/ciic_ros_tasks_messages/share/ciic_ros_tasks_messages/hook/ld_library_path_lib.sh'
[37.059s] Level 1:colcon.colcon_core.environment:checking '/home/ruben/ciic/install/ciic_ros_tasks_messages/bin'
[37.059s] Level 1:colcon.colcon_core.environment:checking '/home/ruben/ciic/install/ciic_ros_tasks_messages/lib/pkgconfig/ciic_ros_tasks_messages.pc'
[37.060s] Level 1:colcon.colcon_core.environment:checking '/home/ruben/ciic/install/ciic_ros_tasks_messages/lib/python3.8/site-packages'
[37.060s] Level 1:colcon.colcon_core.shell:create_environment_hook('ciic_ros_tasks_messages', 'pythonpath')
[37.072s] INFO:colcon.colcon_core.shell:Creating environment hook '/home/ruben/ciic/install/ciic_ros_tasks_messages/share/ciic_ros_tasks_messages/hook/pythonpath.ps1'
[37.074s] INFO:colcon.colcon_core.shell:Creating environment descriptor '/home/ruben/ciic/install/ciic_ros_tasks_messages/share/ciic_ros_tasks_messages/hook/pythonpath.dsv'
[37.075s] INFO:colcon.colcon_core.shell:Creating environment hook '/home/ruben/ciic/install/ciic_ros_tasks_messages/share/ciic_ros_tasks_messages/hook/pythonpath.sh'
[37.079s] Level 1:colcon.colcon_core.environment:checking '/home/ruben/ciic/install/ciic_ros_tasks_messages/bin'
[37.095s] INFO:colcon.colcon_core.shell:Creating package script '/home/ruben/ciic/install/ciic_ros_tasks_messages/share/ciic_ros_tasks_messages/package.ps1'
[37.097s] INFO:colcon.colcon_core.shell:Creating package descriptor '/home/ruben/ciic/install/ciic_ros_tasks_messages/share/ciic_ros_tasks_messages/package.dsv'
[37.099s] INFO:colcon.colcon_core.shell:Creating package script '/home/ruben/ciic/install/ciic_ros_tasks_messages/share/ciic_ros_tasks_messages/package.sh'
[37.101s] INFO:colcon.colcon_core.shell:Creating package script '/home/ruben/ciic/install/ciic_ros_tasks_messages/share/ciic_ros_tasks_messages/package.bash'
[37.103s] INFO:colcon.colcon_core.shell:Creating package script '/home/ruben/ciic/install/ciic_ros_tasks_messages/share/ciic_ros_tasks_messages/package.zsh'
[37.104s] Level 1:colcon.colcon_core.environment:create_file_with_runtime_dependencies(/home/ruben/ciic/install/ciic_ros_tasks_messages/share/colcon-core/packages/ciic_ros_tasks_messages)
[37.109s] DEBUG:colcon.colcon_parallel_executor.executor.parallel:closing loop
[37.110s] DEBUG:colcon.colcon_parallel_executor.executor.parallel:loop closed
[37.110s] DEBUG:colcon.colcon_parallel_executor.executor.parallel:run_until_complete finished with '0'
[37.111s] DEBUG:colcon.colcon_core.event_reactor:joining thread
[37.191s] INFO:colcon.colcon_core.plugin_system:Skipping extension 'colcon_notification.desktop_notification.terminal_notifier': Not used on non-Darwin systems
[37.191s] INFO:colcon.colcon_core.plugin_system:Skipping extension 'colcon_notification.desktop_notification.win32': Not used on non-Windows systems
[37.191s] INFO:colcon.colcon_notification.desktop_notification:Sending desktop notification using 'notify2'
[37.553s] DEBUG:colcon.colcon_core.event_reactor:joined thread
[37.575s] INFO:colcon.colcon_core.shell:Creating prefix script '/home/ruben/ciic/install/local_setup.ps1'
[37.578s] INFO:colcon.colcon_core.shell:Creating prefix util module '/home/ruben/ciic/install/_local_setup_util_ps1.py'
[37.582s] INFO:colcon.colcon_core.shell:Creating prefix chain script '/home/ruben/ciic/install/setup.ps1'
[37.594s] INFO:colcon.colcon_core.shell:Creating prefix script '/home/ruben/ciic/install/local_setup.sh'
[37.596s] INFO:colcon.colcon_core.shell:Creating prefix util module '/home/ruben/ciic/install/_local_setup_util_sh.py'
[37.598s] INFO:colcon.colcon_core.shell:Creating prefix chain script '/home/ruben/ciic/install/setup.sh'
[37.613s] INFO:colcon.colcon_core.shell:Creating prefix script '/home/ruben/ciic/install/local_setup.bash'
[37.616s] INFO:colcon.colcon_core.shell:Creating prefix chain script '/home/ruben/ciic/install/setup.bash'
[37.632s] INFO:colcon.colcon_core.shell:Creating prefix script '/home/ruben/ciic/install/local_setup.zsh'
[37.633s] INFO:colcon.colcon_core.shell:Creating prefix chain script '/home/ruben/ciic/install/setup.zsh'
