-- The C compiler identification is GNU 9.4.0
-- The CXX compiler identification is GNU 9.4.0
-- Check for working C compiler: /usr/bin/cc
-- Check for working C compiler: /usr/bin/cc -- works
-- Detecting C compiler ABI info
-- Detecting C compiler ABI info - done
-- Detecting C compile features
-- Detecting C compile features - done
-- Check for working CXX compiler: /usr/bin/c++
-- Check for working CXX compiler: /usr/bin/c++ -- works
-- Detecting CXX compiler ABI info
-- Detecting CXX compiler ABI info - done
-- Detecting CXX compile features
-- Detecting CXX compile features - done
-- Found ament_cmake: 0.9.9 (/opt/ros/foxy/share/ament_cmake/cmake)
-- Found PythonInterp: /usr/bin/python3 (found suitable version "3.8.10", minimum required is "3") 
-- Using PYTHON_EXECUTABLE: /usr/bin/python3
-- Found ament_lint_auto: 0.9.6 (/opt/ros/foxy/share/ament_lint_auto/cmake)
-- Found rosidl_default_generators: 1.0.1 (/opt/ros/foxy/share/rosidl_default_generators/cmake)
-- Using all available rosidl_typesupport_c: rosidl_typesupport_fastrtps_c;rosidl_typesupport_introspection_c
-- Found rosidl_adapter: 1.2.1 (/opt/ros/foxy/share/rosidl_adapter/cmake)
-- Found OpenSSL: /usr/lib/x86_64-linux-gnu/libcrypto.so (found version "1.1.1f")  
-- Found FastRTPS: /opt/ros/foxy/include  
-- Using all available rosidl_typesupport_cpp: rosidl_typesupport_fastrtps_cpp;rosidl_typesupport_introspection_cpp
-- Found PythonInterp: /usr/bin/python3 (found version "3.8.10") 
-- Found ament_cmake_ros: 0.9.2 (/opt/ros/foxy/share/ament_cmake_ros/cmake)
-- Using all available rosidl_typesupport_c: rosidl_typesupport_fastrtps_c;rosidl_typesupport_introspection_c
-- Using all available rosidl_typesupport_cpp: rosidl_typesupport_fastrtps_cpp;rosidl_typesupport_introspection_cpp
-- Found PythonInterp: /usr/bin/python3 (found suitable version "3.8.10", minimum required is "3.5") 
-- Found python_cmake_module: 0.8.1 (/opt/ros/foxy/share/python_cmake_module/cmake)
-- Found PythonLibs: /usr/lib/x86_64-linux-gnu/libpython3.8.so (found suitable version "3.8.10", minimum required is "3.5") 
-- Using PYTHON_EXECUTABLE: /usr/bin/python3
-- Using PYTHON_INCLUDE_DIRS: /usr/include/python3.8
-- Using PYTHON_LIBRARIES: /usr/lib/x86_64-linux-gnu/libpython3.8.so
-- Found PythonExtra: .so  
-- Added test 'copyright' to check source files copyright and LICENSE
-- Added test 'lint_cmake' to check CMake code style
-- Added test 'xmllint' to check XML markup files
-- Configuring done
-- Generating done
-- Build files have been written to: /home/ruben/ciic/build/ciic_ros_tasks_messages
[35m[1mScanning dependencies of target ciic_ros_tasks_messages__cpp[0m
[  2%] [34m[1mGenerating C++ code for ROS interfaces[0m
[  2%] Built target ciic_ros_tasks_messages__cpp
[  5%] [34m[1mGenerating C code for ROS interfaces[0m
[35m[1mScanning dependencies of target ciic_ros_tasks_messages__rosidl_generator_c[0m
[  7%] [32mBuilding C object CMakeFiles/ciic_ros_tasks_messages__rosidl_generator_c.dir/rosidl_generator_c/ciic_ros_tasks_messages/msg/detail/task_booking__functions.c.o[0m
[ 10%] [32mBuilding C object CMakeFiles/ciic_ros_tasks_messages__rosidl_generator_c.dir/rosidl_generator_c/ciic_ros_tasks_messages/srv/detail/led_task__functions.c.o[0m
[ 12%] [32m[1mLinking C shared library libciic_ros_tasks_messages__rosidl_generator_c.so[0m
[ 12%] Built target ciic_ros_tasks_messages__rosidl_generator_c
[ 15%] [34m[1mGenerating C++ introspection for ROS interfaces[0m
[35m[1mScanning dependencies of target ciic_ros_tasks_messages__rosidl_typesupport_introspection_cpp[0m
[ 17%] [32mBuilding CXX object CMakeFiles/ciic_ros_tasks_messages__rosidl_typesupport_introspection_cpp.dir/rosidl_typesupport_introspection_cpp/ciic_ros_tasks_messages/msg/detail/task_booking__type_support.cpp.o[0m
[ 20%] [32mBuilding CXX object CMakeFiles/ciic_ros_tasks_messages__rosidl_typesupport_introspection_cpp.dir/rosidl_typesupport_introspection_cpp/ciic_ros_tasks_messages/srv/detail/led_task__type_support.cpp.o[0m
[ 23%] [32m[1mLinking CXX shared library libciic_ros_tasks_messages__rosidl_typesupport_introspection_cpp.so[0m
[ 23%] Built target ciic_ros_tasks_messages__rosidl_typesupport_introspection_cpp
[ 25%] [34m[1mGenerating C++ type support for eProsima Fast-RTPS[0m
[35m[1mScanning dependencies of target ciic_ros_tasks_messages__rosidl_typesupport_fastrtps_cpp[0m
[ 28%] [32mBuilding CXX object CMakeFiles/ciic_ros_tasks_messages__rosidl_typesupport_fastrtps_cpp.dir/rosidl_typesupport_fastrtps_cpp/ciic_ros_tasks_messages/msg/detail/dds_fastrtps/task_booking__type_support.cpp.o[0m
[ 30%] [32mBuilding CXX object CMakeFiles/ciic_ros_tasks_messages__rosidl_typesupport_fastrtps_cpp.dir/rosidl_typesupport_fastrtps_cpp/ciic_ros_tasks_messages/srv/detail/dds_fastrtps/led_task__type_support.cpp.o[0m
[ 33%] [32m[1mLinking CXX shared library libciic_ros_tasks_messages__rosidl_typesupport_fastrtps_cpp.so[0m
[ 33%] Built target ciic_ros_tasks_messages__rosidl_typesupport_fastrtps_cpp
[ 35%] [34m[1mGenerating C type support dispatch for ROS interfaces[0m
[35m[1mScanning dependencies of target ciic_ros_tasks_messages__rosidl_typesupport_c[0m
[ 38%] [32mBuilding CXX object CMakeFiles/ciic_ros_tasks_messages__rosidl_typesupport_c.dir/rosidl_typesupport_c/ciic_ros_tasks_messages/msg/task_booking__type_support.cpp.o[0m
[ 41%] [32mBuilding CXX object CMakeFiles/ciic_ros_tasks_messages__rosidl_typesupport_c.dir/rosidl_typesupport_c/ciic_ros_tasks_messages/srv/led_task__type_support.cpp.o[0m
[ 43%] [32m[1mLinking CXX shared library libciic_ros_tasks_messages__rosidl_typesupport_c.so[0m
[ 43%] Built target ciic_ros_tasks_messages__rosidl_typesupport_c
[ 46%] [34m[1mGenerating C++ type support dispatch for ROS interfaces[0m
[35m[1mScanning dependencies of target ciic_ros_tasks_messages__rosidl_typesupport_cpp[0m
[ 48%] [32mBuilding CXX object CMakeFiles/ciic_ros_tasks_messages__rosidl_typesupport_cpp.dir/rosidl_typesupport_cpp/ciic_ros_tasks_messages/msg/task_booking__type_support.cpp.o[0m
[ 51%] [32mBuilding CXX object CMakeFiles/ciic_ros_tasks_messages__rosidl_typesupport_cpp.dir/rosidl_typesupport_cpp/ciic_ros_tasks_messages/srv/led_task__type_support.cpp.o[0m
[ 53%] [32m[1mLinking CXX shared library libciic_ros_tasks_messages__rosidl_typesupport_cpp.so[0m
[ 53%] Built target ciic_ros_tasks_messages__rosidl_typesupport_cpp
[ 56%] [34m[1mGenerating C type support for eProsima Fast-RTPS[0m
[35m[1mScanning dependencies of target ciic_ros_tasks_messages__rosidl_typesupport_fastrtps_c[0m
[ 58%] [32mBuilding CXX object CMakeFiles/ciic_ros_tasks_messages__rosidl_typesupport_fastrtps_c.dir/rosidl_typesupport_fastrtps_c/ciic_ros_tasks_messages/msg/detail/task_booking__type_support_c.cpp.o[0m
[ 61%] [32mBuilding CXX object CMakeFiles/ciic_ros_tasks_messages__rosidl_typesupport_fastrtps_c.dir/rosidl_typesupport_fastrtps_c/ciic_ros_tasks_messages/srv/detail/led_task__type_support_c.cpp.o[0m
[ 64%] [32m[1mLinking CXX shared library libciic_ros_tasks_messages__rosidl_typesupport_fastrtps_c.so[0m
[ 64%] Built target ciic_ros_tasks_messages__rosidl_typesupport_fastrtps_c
[ 66%] [34m[1mGenerating C introspection for ROS interfaces[0m
[35m[1mScanning dependencies of target ciic_ros_tasks_messages__rosidl_typesupport_introspection_c[0m
[ 69%] [32mBuilding C object CMakeFiles/ciic_ros_tasks_messages__rosidl_typesupport_introspection_c.dir/rosidl_typesupport_introspection_c/ciic_ros_tasks_messages/msg/detail/task_booking__type_support.c.o[0m
[ 71%] [32mBuilding C object CMakeFiles/ciic_ros_tasks_messages__rosidl_typesupport_introspection_c.dir/rosidl_typesupport_introspection_c/ciic_ros_tasks_messages/srv/detail/led_task__type_support.c.o[0m
[ 74%] [32m[1mLinking C shared library libciic_ros_tasks_messages__rosidl_typesupport_introspection_c.so[0m
[ 74%] Built target ciic_ros_tasks_messages__rosidl_typesupport_introspection_c
[35m[1mScanning dependencies of target ciic_ros_tasks_messages[0m
[ 74%] Built target ciic_ros_tasks_messages
[35m[1mScanning dependencies of target ciic_ros_tasks_messages__py[0m
[ 76%] [34m[1mGenerating Python code for ROS interfaces[0m
[ 76%] Built target ciic_ros_tasks_messages__py
[35m[1mScanning dependencies of target ciic_ros_tasks_messages__python[0m
[ 79%] [32mBuilding C object CMakeFiles/ciic_ros_tasks_messages__python.dir/rosidl_generator_py/ciic_ros_tasks_messages/msg/_task_booking_s.c.o[0m
[ 82%] [32mBuilding C object CMakeFiles/ciic_ros_tasks_messages__python.dir/rosidl_generator_py/ciic_ros_tasks_messages/srv/_led_task_s.c.o[0m
[ 84%] [32m[1mLinking C shared library rosidl_generator_py/ciic_ros_tasks_messages/libciic_ros_tasks_messages__python.so[0m
[ 84%] Built target ciic_ros_tasks_messages__python
[35m[1mScanning dependencies of target ciic_ros_tasks_messages__rosidl_typesupport_c__pyext[0m
[ 87%] [32mBuilding C object CMakeFiles/ciic_ros_tasks_messages__rosidl_typesupport_c__pyext.dir/rosidl_generator_py/ciic_ros_tasks_messages/_ciic_ros_tasks_messages_s.ep.rosidl_typesupport_c.c.o[0m
[ 89%] [32m[1mLinking C shared library rosidl_generator_py/ciic_ros_tasks_messages/ciic_ros_tasks_messages_s__rosidl_typesupport_c.cpython-38-x86_64-linux-gnu.so[0m
[ 89%] Built target ciic_ros_tasks_messages__rosidl_typesupport_c__pyext
[35m[1mScanning dependencies of target ciic_ros_tasks_messages__rosidl_typesupport_introspection_c__pyext[0m
[ 92%] [32mBuilding C object CMakeFiles/ciic_ros_tasks_messages__rosidl_typesupport_introspection_c__pyext.dir/rosidl_generator_py/ciic_ros_tasks_messages/_ciic_ros_tasks_messages_s.ep.rosidl_typesupport_introspection_c.c.o[0m
[ 94%] [32m[1mLinking C shared library rosidl_generator_py/ciic_ros_tasks_messages/ciic_ros_tasks_messages_s__rosidl_typesupport_introspection_c.cpython-38-x86_64-linux-gnu.so[0m
[ 94%] Built target ciic_ros_tasks_messages__rosidl_typesupport_introspection_c__pyext
[35m[1mScanning dependencies of target ciic_ros_tasks_messages__rosidl_typesupport_fastrtps_c__pyext[0m
[ 97%] [32mBuilding C object CMakeFiles/ciic_ros_tasks_messages__rosidl_typesupport_fastrtps_c__pyext.dir/rosidl_generator_py/ciic_ros_tasks_messages/_ciic_ros_tasks_messages_s.ep.rosidl_typesupport_fastrtps_c.c.o[0m
[100%] [32m[1mLinking CXX shared library rosidl_generator_py/ciic_ros_tasks_messages/ciic_ros_tasks_messages_s__rosidl_typesupport_fastrtps_c.cpython-38-x86_64-linux-gnu.so[0m
[100%] Built target ciic_ros_tasks_messages__rosidl_typesupport_fastrtps_c__pyext
-- Install configuration: ""
-- Installing: /home/ruben/ciic/install/ciic_ros_tasks_messages/share/ament_index/resource_index/rosidl_interfaces/ciic_ros_tasks_messages
-- Installing: /home/ruben/ciic/install/ciic_ros_tasks_messages/include/ciic_ros_tasks_messages
-- Installing: /home/ruben/ciic/install/ciic_ros_tasks_messages/include/ciic_ros_tasks_messages/srv
-- Installing: /home/ruben/ciic/install/ciic_ros_tasks_messages/include/ciic_ros_tasks_messages/srv/led_task.h
-- Installing: /home/ruben/ciic/install/ciic_ros_tasks_messages/include/ciic_ros_tasks_messages/srv/detail
-- Installing: /home/ruben/ciic/install/ciic_ros_tasks_messages/include/ciic_ros_tasks_messages/srv/detail/led_task__functions.h
-- Installing: /home/ruben/ciic/install/ciic_ros_tasks_messages/include/ciic_ros_tasks_messages/srv/detail/led_task__functions.c
-- Installing: /home/ruben/ciic/install/ciic_ros_tasks_messages/include/ciic_ros_tasks_messages/srv/detail/led_task__struct.h
-- Installing: /home/ruben/ciic/install/ciic_ros_tasks_messages/include/ciic_ros_tasks_messages/srv/detail/led_task__type_support.h
-- Installing: /home/ruben/ciic/install/ciic_ros_tasks_messages/include/ciic_ros_tasks_messages/msg
-- Installing: /home/ruben/ciic/install/ciic_ros_tasks_messages/include/ciic_ros_tasks_messages/msg/detail
-- Installing: /home/ruben/ciic/install/ciic_ros_tasks_messages/include/ciic_ros_tasks_messages/msg/detail/task_booking__functions.c
-- Installing: /home/ruben/ciic/install/ciic_ros_tasks_messages/include/ciic_ros_tasks_messages/msg/detail/task_booking__functions.h
-- Installing: /home/ruben/ciic/install/ciic_ros_tasks_messages/include/ciic_ros_tasks_messages/msg/detail/task_booking__type_support.h
-- Installing: /home/ruben/ciic/install/ciic_ros_tasks_messages/include/ciic_ros_tasks_messages/msg/detail/task_booking__struct.h
-- Installing: /home/ruben/ciic/install/ciic_ros_tasks_messages/include/ciic_ros_tasks_messages/msg/rosidl_generator_c__visibility_control.h
-- Installing: /home/ruben/ciic/install/ciic_ros_tasks_messages/include/ciic_ros_tasks_messages/msg/task_booking.h
-- Installing: /home/ruben/ciic/install/ciic_ros_tasks_messages/share/ciic_ros_tasks_messages/environment/library_path.sh
-- Installing: /home/ruben/ciic/install/ciic_ros_tasks_messages/share/ciic_ros_tasks_messages/environment/library_path.dsv
-- Installing: /home/ruben/ciic/install/ciic_ros_tasks_messages/lib/libciic_ros_tasks_messages__rosidl_generator_c.so
-- Set runtime path of "/home/ruben/ciic/install/ciic_ros_tasks_messages/lib/libciic_ros_tasks_messages__rosidl_generator_c.so" to ""
-- Up-to-date: /home/ruben/ciic/install/ciic_ros_tasks_messages/include/ciic_ros_tasks_messages
-- Up-to-date: /home/ruben/ciic/install/ciic_ros_tasks_messages/include/ciic_ros_tasks_messages/srv
-- Up-to-date: /home/ruben/ciic/install/ciic_ros_tasks_messages/include/ciic_ros_tasks_messages/srv/detail
-- Installing: /home/ruben/ciic/install/ciic_ros_tasks_messages/include/ciic_ros_tasks_messages/srv/detail/led_task__rosidl_typesupport_fastrtps_c.h
-- Up-to-date: /home/ruben/ciic/install/ciic_ros_tasks_messages/include/ciic_ros_tasks_messages/msg
-- Installing: /home/ruben/ciic/install/ciic_ros_tasks_messages/include/ciic_ros_tasks_messages/msg/rosidl_typesupport_fastrtps_c__visibility_control.h
-- Up-to-date: /home/ruben/ciic/install/ciic_ros_tasks_messages/include/ciic_ros_tasks_messages/msg/detail
-- Installing: /home/ruben/ciic/install/ciic_ros_tasks_messages/include/ciic_ros_tasks_messages/msg/detail/task_booking__rosidl_typesupport_fastrtps_c.h
-- Installing: /home/ruben/ciic/install/ciic_ros_tasks_messages/lib/libciic_ros_tasks_messages__rosidl_typesupport_fastrtps_c.so
-- Set runtime path of "/home/ruben/ciic/install/ciic_ros_tasks_messages/lib/libciic_ros_tasks_messages__rosidl_typesupport_fastrtps_c.so" to ""
-- Up-to-date: /home/ruben/ciic/install/ciic_ros_tasks_messages/include/ciic_ros_tasks_messages
-- Up-to-date: /home/ruben/ciic/install/ciic_ros_tasks_messages/include/ciic_ros_tasks_messages/srv
-- Up-to-date: /home/ruben/ciic/install/ciic_ros_tasks_messages/include/ciic_ros_tasks_messages/srv/detail
-- Installing: /home/ruben/ciic/install/ciic_ros_tasks_messages/include/ciic_ros_tasks_messages/srv/detail/led_task__rosidl_typesupport_fastrtps_cpp.hpp
-- Installing: /home/ruben/ciic/install/ciic_ros_tasks_messages/include/ciic_ros_tasks_messages/srv/detail/dds_fastrtps
-- Up-to-date: /home/ruben/ciic/install/ciic_ros_tasks_messages/include/ciic_ros_tasks_messages/msg
-- Installing: /home/ruben/ciic/install/ciic_ros_tasks_messages/include/ciic_ros_tasks_messages/msg/rosidl_typesupport_fastrtps_cpp__visibility_control.h
-- Up-to-date: /home/ruben/ciic/install/ciic_ros_tasks_messages/include/ciic_ros_tasks_messages/msg/detail
-- Installing: /home/ruben/ciic/install/ciic_ros_tasks_messages/include/ciic_ros_tasks_messages/msg/detail/dds_fastrtps
-- Installing: /home/ruben/ciic/install/ciic_ros_tasks_messages/include/ciic_ros_tasks_messages/msg/detail/task_booking__rosidl_typesupport_fastrtps_cpp.hpp
-- Installing: /home/ruben/ciic/install/ciic_ros_tasks_messages/lib/libciic_ros_tasks_messages__rosidl_typesupport_fastrtps_cpp.so
-- Set runtime path of "/home/ruben/ciic/install/ciic_ros_tasks_messages/lib/libciic_ros_tasks_messages__rosidl_typesupport_fastrtps_cpp.so" to ""
-- Up-to-date: /home/ruben/ciic/install/ciic_ros_tasks_messages/include/ciic_ros_tasks_messages
-- Up-to-date: /home/ruben/ciic/install/ciic_ros_tasks_messages/include/ciic_ros_tasks_messages/srv
-- Up-to-date: /home/ruben/ciic/install/ciic_ros_tasks_messages/include/ciic_ros_tasks_messages/srv/detail
-- Installing: /home/ruben/ciic/install/ciic_ros_tasks_messages/include/ciic_ros_tasks_messages/srv/detail/led_task__type_support.c
-- Installing: /home/ruben/ciic/install/ciic_ros_tasks_messages/include/ciic_ros_tasks_messages/srv/detail/led_task__rosidl_typesupport_introspection_c.h
-- Up-to-date: /home/ruben/ciic/install/ciic_ros_tasks_messages/include/ciic_ros_tasks_messages/msg
-- Installing: /home/ruben/ciic/install/ciic_ros_tasks_messages/include/ciic_ros_tasks_messages/msg/rosidl_typesupport_introspection_c__visibility_control.h
-- Up-to-date: /home/ruben/ciic/install/ciic_ros_tasks_messages/include/ciic_ros_tasks_messages/msg/detail
-- Installing: /home/ruben/ciic/install/ciic_ros_tasks_messages/include/ciic_ros_tasks_messages/msg/detail/task_booking__type_support.c
-- Installing: /home/ruben/ciic/install/ciic_ros_tasks_messages/include/ciic_ros_tasks_messages/msg/detail/task_booking__rosidl_typesupport_introspection_c.h
-- Installing: /home/ruben/ciic/install/ciic_ros_tasks_messages/lib/libciic_ros_tasks_messages__rosidl_typesupport_introspection_c.so
-- Set runtime path of "/home/ruben/ciic/install/ciic_ros_tasks_messages/lib/libciic_ros_tasks_messages__rosidl_typesupport_introspection_c.so" to ""
-- Installing: /home/ruben/ciic/install/ciic_ros_tasks_messages/lib/libciic_ros_tasks_messages__rosidl_typesupport_c.so
-- Set runtime path of "/home/ruben/ciic/install/ciic_ros_tasks_messages/lib/libciic_ros_tasks_messages__rosidl_typesupport_c.so" to ""
-- Up-to-date: /home/ruben/ciic/install/ciic_ros_tasks_messages/include/ciic_ros_tasks_messages
-- Up-to-date: /home/ruben/ciic/install/ciic_ros_tasks_messages/include/ciic_ros_tasks_messages/srv
-- Up-to-date: /home/ruben/ciic/install/ciic_ros_tasks_messages/include/ciic_ros_tasks_messages/srv/detail
-- Installing: /home/ruben/ciic/install/ciic_ros_tasks_messages/include/ciic_ros_tasks_messages/srv/detail/led_task__builder.hpp
-- Installing: /home/ruben/ciic/install/ciic_ros_tasks_messages/include/ciic_ros_tasks_messages/srv/detail/led_task__struct.hpp
-- Installing: /home/ruben/ciic/install/ciic_ros_tasks_messages/include/ciic_ros_tasks_messages/srv/detail/led_task__traits.hpp
-- Installing: /home/ruben/ciic/install/ciic_ros_tasks_messages/include/ciic_ros_tasks_messages/srv/led_task.hpp
-- Up-to-date: /home/ruben/ciic/install/ciic_ros_tasks_messages/include/ciic_ros_tasks_messages/msg
-- Up-to-date: /home/ruben/ciic/install/ciic_ros_tasks_messages/include/ciic_ros_tasks_messages/msg/detail
-- Installing: /home/ruben/ciic/install/ciic_ros_tasks_messages/include/ciic_ros_tasks_messages/msg/detail/task_booking__struct.hpp
-- Installing: /home/ruben/ciic/install/ciic_ros_tasks_messages/include/ciic_ros_tasks_messages/msg/detail/task_booking__builder.hpp
-- Installing: /home/ruben/ciic/install/ciic_ros_tasks_messages/include/ciic_ros_tasks_messages/msg/detail/task_booking__traits.hpp
-- Installing: /home/ruben/ciic/install/ciic_ros_tasks_messages/include/ciic_ros_tasks_messages/msg/task_booking.hpp
-- Up-to-date: /home/ruben/ciic/install/ciic_ros_tasks_messages/include/ciic_ros_tasks_messages
-- Up-to-date: /home/ruben/ciic/install/ciic_ros_tasks_messages/include/ciic_ros_tasks_messages/srv
-- Up-to-date: /home/ruben/ciic/install/ciic_ros_tasks_messages/include/ciic_ros_tasks_messages/srv/detail
-- Installing: /home/ruben/ciic/install/ciic_ros_tasks_messages/include/ciic_ros_tasks_messages/srv/detail/led_task__rosidl_typesupport_introspection_cpp.hpp
-- Installing: /home/ruben/ciic/install/ciic_ros_tasks_messages/include/ciic_ros_tasks_messages/srv/detail/led_task__type_support.cpp
-- Up-to-date: /home/ruben/ciic/install/ciic_ros_tasks_messages/include/ciic_ros_tasks_messages/msg
-- Up-to-date: /home/ruben/ciic/install/ciic_ros_tasks_messages/include/ciic_ros_tasks_messages/msg/detail
-- Installing: /home/ruben/ciic/install/ciic_ros_tasks_messages/include/ciic_ros_tasks_messages/msg/detail/task_booking__rosidl_typesupport_introspection_cpp.hpp
-- Installing: /home/ruben/ciic/install/ciic_ros_tasks_messages/include/ciic_ros_tasks_messages/msg/detail/task_booking__type_support.cpp
-- Installing: /home/ruben/ciic/install/ciic_ros_tasks_messages/lib/libciic_ros_tasks_messages__rosidl_typesupport_introspection_cpp.so
-- Set runtime path of "/home/ruben/ciic/install/ciic_ros_tasks_messages/lib/libciic_ros_tasks_messages__rosidl_typesupport_introspection_cpp.so" to ""
-- Installing: /home/ruben/ciic/install/ciic_ros_tasks_messages/lib/libciic_ros_tasks_messages__rosidl_typesupport_cpp.so
-- Set runtime path of "/home/ruben/ciic/install/ciic_ros_tasks_messages/lib/libciic_ros_tasks_messages__rosidl_typesupport_cpp.so" to ""
-- Installing: /home/ruben/ciic/install/ciic_ros_tasks_messages/share/ciic_ros_tasks_messages/environment/pythonpath.sh
-- Installing: /home/ruben/ciic/install/ciic_ros_tasks_messages/share/ciic_ros_tasks_messages/environment/pythonpath.dsv
-- Installing: /home/ruben/ciic/install/ciic_ros_tasks_messages/lib/python3.8/site-packages/ciic_ros_tasks_messages/__init__.py
Compiling '/home/ruben/ciic/install/ciic_ros_tasks_messages/lib/python3.8/site-packages/ciic_ros_tasks_messages/__init__.py'...
-- Installing: /home/ruben/ciic/install/ciic_ros_tasks_messages/lib/python3.8/site-packages/ciic_ros_tasks_messages/msg
-- Installing: /home/ruben/ciic/install/ciic_ros_tasks_messages/lib/python3.8/site-packages/ciic_ros_tasks_messages/msg/_task_booking_s.c
-- Installing: /home/ruben/ciic/install/ciic_ros_tasks_messages/lib/python3.8/site-packages/ciic_ros_tasks_messages/msg/__init__.py
-- Installing: /home/ruben/ciic/install/ciic_ros_tasks_messages/lib/python3.8/site-packages/ciic_ros_tasks_messages/msg/_task_booking.py
-- Installing: /home/ruben/ciic/install/ciic_ros_tasks_messages/lib/python3.8/site-packages/ciic_ros_tasks_messages/srv
-- Installing: /home/ruben/ciic/install/ciic_ros_tasks_messages/lib/python3.8/site-packages/ciic_ros_tasks_messages/srv/_led_task_s.c
-- Installing: /home/ruben/ciic/install/ciic_ros_tasks_messages/lib/python3.8/site-packages/ciic_ros_tasks_messages/srv/__init__.py
-- Installing: /home/ruben/ciic/install/ciic_ros_tasks_messages/lib/python3.8/site-packages/ciic_ros_tasks_messages/srv/_led_task.py
-- Installing: /home/ruben/ciic/install/ciic_ros_tasks_messages/lib/python3.8/site-packages/ciic_ros_tasks_messages/ciic_ros_tasks_messages_s__rosidl_typesupport_fastrtps_c.cpython-38-x86_64-linux-gnu.so
-- Set runtime path of "/home/ruben/ciic/install/ciic_ros_tasks_messages/lib/python3.8/site-packages/ciic_ros_tasks_messages/ciic_ros_tasks_messages_s__rosidl_typesupport_fastrtps_c.cpython-38-x86_64-linux-gnu.so" to ""
-- Installing: /home/ruben/ciic/install/ciic_ros_tasks_messages/lib/python3.8/site-packages/ciic_ros_tasks_messages/ciic_ros_tasks_messages_s__rosidl_typesupport_introspection_c.cpython-38-x86_64-linux-gnu.so
-- Set runtime path of "/home/ruben/ciic/install/ciic_ros_tasks_messages/lib/python3.8/site-packages/ciic_ros_tasks_messages/ciic_ros_tasks_messages_s__rosidl_typesupport_introspection_c.cpython-38-x86_64-linux-gnu.so" to ""
-- Installing: /home/ruben/ciic/install/ciic_ros_tasks_messages/lib/python3.8/site-packages/ciic_ros_tasks_messages/ciic_ros_tasks_messages_s__rosidl_typesupport_c.cpython-38-x86_64-linux-gnu.so
-- Set runtime path of "/home/ruben/ciic/install/ciic_ros_tasks_messages/lib/python3.8/site-packages/ciic_ros_tasks_messages/ciic_ros_tasks_messages_s__rosidl_typesupport_c.cpython-38-x86_64-linux-gnu.so" to ""
-- Installing: /home/ruben/ciic/install/ciic_ros_tasks_messages/lib/libciic_ros_tasks_messages__python.so
-- Set runtime path of "/home/ruben/ciic/install/ciic_ros_tasks_messages/lib/libciic_ros_tasks_messages__python.so" to ""
-- Installing: /home/ruben/ciic/install/ciic_ros_tasks_messages/share/ciic_ros_tasks_messages/msg/TaskBooking.idl
-- Installing: /home/ruben/ciic/install/ciic_ros_tasks_messages/share/ciic_ros_tasks_messages/srv/LedTask.idl
-- Installing: /home/ruben/ciic/install/ciic_ros_tasks_messages/share/ciic_ros_tasks_messages/msg/TaskBooking.msg
-- Installing: /home/ruben/ciic/install/ciic_ros_tasks_messages/share/ciic_ros_tasks_messages/srv/LedTask.srv
-- Installing: /home/ruben/ciic/install/ciic_ros_tasks_messages/share/ciic_ros_tasks_messages/srv/LedTask_Request.msg
-- Installing: /home/ruben/ciic/install/ciic_ros_tasks_messages/share/ciic_ros_tasks_messages/srv/LedTask_Response.msg
-- Installing: /home/ruben/ciic/install/ciic_ros_tasks_messages/share/ament_index/resource_index/package_run_dependencies/ciic_ros_tasks_messages
-- Installing: /home/ruben/ciic/install/ciic_ros_tasks_messages/share/ament_index/resource_index/parent_prefix_path/ciic_ros_tasks_messages
-- Installing: /home/ruben/ciic/install/ciic_ros_tasks_messages/share/ciic_ros_tasks_messages/environment/ament_prefix_path.sh
-- Installing: /home/ruben/ciic/install/ciic_ros_tasks_messages/share/ciic_ros_tasks_messages/environment/ament_prefix_path.dsv
-- Installing: /home/ruben/ciic/install/ciic_ros_tasks_messages/share/ciic_ros_tasks_messages/environment/path.sh
-- Installing: /home/ruben/ciic/install/ciic_ros_tasks_messages/share/ciic_ros_tasks_messages/environment/path.dsv
-- Installing: /home/ruben/ciic/install/ciic_ros_tasks_messages/share/ciic_ros_tasks_messages/local_setup.bash
-- Installing: /home/ruben/ciic/install/ciic_ros_tasks_messages/share/ciic_ros_tasks_messages/local_setup.sh
-- Installing: /home/ruben/ciic/install/ciic_ros_tasks_messages/share/ciic_ros_tasks_messages/local_setup.zsh
-- Installing: /home/ruben/ciic/install/ciic_ros_tasks_messages/share/ciic_ros_tasks_messages/local_setup.dsv
-- Installing: /home/ruben/ciic/install/ciic_ros_tasks_messages/share/ciic_ros_tasks_messages/package.dsv
-- Installing: /home/ruben/ciic/install/ciic_ros_tasks_messages/share/ament_index/resource_index/packages/ciic_ros_tasks_messages
-- Installing: /home/ruben/ciic/install/ciic_ros_tasks_messages/share/ciic_ros_tasks_messages/cmake/ciic_ros_tasks_messages__rosidl_generator_cExport.cmake
-- Installing: /home/ruben/ciic/install/ciic_ros_tasks_messages/share/ciic_ros_tasks_messages/cmake/ciic_ros_tasks_messages__rosidl_generator_cExport-noconfig.cmake
-- Installing: /home/ruben/ciic/install/ciic_ros_tasks_messages/share/ciic_ros_tasks_messages/cmake/ciic_ros_tasks_messages__rosidl_typesupport_introspection_cExport.cmake
-- Installing: /home/ruben/ciic/install/ciic_ros_tasks_messages/share/ciic_ros_tasks_messages/cmake/ciic_ros_tasks_messages__rosidl_typesupport_introspection_cExport-noconfig.cmake
-- Installing: /home/ruben/ciic/install/ciic_ros_tasks_messages/share/ciic_ros_tasks_messages/cmake/ciic_ros_tasks_messages__rosidl_typesupport_cExport.cmake
-- Installing: /home/ruben/ciic/install/ciic_ros_tasks_messages/share/ciic_ros_tasks_messages/cmake/ciic_ros_tasks_messages__rosidl_typesupport_cExport-noconfig.cmake
-- Installing: /home/ruben/ciic/install/ciic_ros_tasks_messages/share/ciic_ros_tasks_messages/cmake/ciic_ros_tasks_messages__rosidl_generator_cppExport.cmake
-- Installing: /home/ruben/ciic/install/ciic_ros_tasks_messages/share/ciic_ros_tasks_messages/cmake/ciic_ros_tasks_messages__rosidl_typesupport_introspection_cppExport.cmake
-- Installing: /home/ruben/ciic/install/ciic_ros_tasks_messages/share/ciic_ros_tasks_messages/cmake/ciic_ros_tasks_messages__rosidl_typesupport_introspection_cppExport-noconfig.cmake
-- Installing: /home/ruben/ciic/install/ciic_ros_tasks_messages/share/ciic_ros_tasks_messages/cmake/ciic_ros_tasks_messages__rosidl_typesupport_cppExport.cmake
-- Installing: /home/ruben/ciic/install/ciic_ros_tasks_messages/share/ciic_ros_tasks_messages/cmake/ciic_ros_tasks_messages__rosidl_typesupport_cppExport-noconfig.cmake
-- Installing: /home/ruben/ciic/install/ciic_ros_tasks_messages/share/ciic_ros_tasks_messages/cmake/rosidl_cmake-extras.cmake
-- Installing: /home/ruben/ciic/install/ciic_ros_tasks_messages/share/ciic_ros_tasks_messages/cmake/ament_cmake_export_dependencies-extras.cmake
-- Installing: /home/ruben/ciic/install/ciic_ros_tasks_messages/share/ciic_ros_tasks_messages/cmake/ament_cmake_export_libraries-extras.cmake
-- Installing: /home/ruben/ciic/install/ciic_ros_tasks_messages/share/ciic_ros_tasks_messages/cmake/ament_cmake_export_targets-extras.cmake
-- Installing: /home/ruben/ciic/install/ciic_ros_tasks_messages/share/ciic_ros_tasks_messages/cmake/ament_cmake_export_include_directories-extras.cmake
-- Installing: /home/ruben/ciic/install/ciic_ros_tasks_messages/share/ciic_ros_tasks_messages/cmake/rosidl_cmake_export_typesupport_libraries-extras.cmake
-- Installing: /home/ruben/ciic/install/ciic_ros_tasks_messages/share/ciic_ros_tasks_messages/cmake/rosidl_cmake_export_typesupport_targets-extras.cmake
-- Installing: /home/ruben/ciic/install/ciic_ros_tasks_messages/share/ciic_ros_tasks_messages/cmake/ciic_ros_tasks_messagesConfig.cmake
-- Installing: /home/ruben/ciic/install/ciic_ros_tasks_messages/share/ciic_ros_tasks_messages/cmake/ciic_ros_tasks_messagesConfig-version.cmake
-- Installing: /home/ruben/ciic/install/ciic_ros_tasks_messages/share/ciic_ros_tasks_messages/package.xml
