[0.094s] Invoking command in '/home/ruben/ciic/build/ciic_ros_tasks_messages': CMAKE_PREFIX_PATH=/opt/ros/foxy /usr/bin/cmake /home/ruben/ciic/src/ciic_ros_tasks_messages -DCMAKE_INSTALL_PREFIX=/home/ruben/ciic/install/ciic_ros_tasks_messages
[0.745s] -- The C compiler identification is GNU 9.4.0
[1.186s] -- The CXX compiler identification is GNU 9.4.0
[1.221s] -- Check for working C compiler: /usr/bin/cc
[1.482s] -- Check for working C compiler: /usr/bin/cc -- works
[1.508s] -- Detecting C compiler ABI info
[1.753s] -- Detecting C compiler ABI info - done
[1.837s] -- Detecting C compile features
[1.841s] -- Detecting C compile features - done
[1.852s] -- Check for working CXX compiler: /usr/bin/c++
[2.111s] -- Check for working CXX compiler: /usr/bin/c++ -- works
[2.115s] -- Detecting CXX compiler ABI info
[2.441s] -- Detecting CXX compiler ABI info - done
[2.480s] -- Detecting CXX compile features
[2.483s] -- Detecting CXX compile features - done
[2.545s] -- Found ament_cmake: 0.9.9 (/opt/ros/foxy/share/ament_cmake/cmake)
[2.618s] -- Found PythonInterp: /usr/bin/python3 (found suitable version "3.8.10", minimum required is "3") 
[2.619s] -- Using PYTHON_EXECUTABLE: /usr/bin/python3
[3.360s] -- Found ament_lint_auto: 0.9.6 (/opt/ros/foxy/share/ament_lint_auto/cmake)
[3.608s] -- Found rosidl_default_generators: 1.0.1 (/opt/ros/foxy/share/rosidl_default_generators/cmake)
[3.631s] -- Using all available rosidl_typesupport_c: rosidl_typesupport_fastrtps_c;rosidl_typesupport_introspection_c
[3.661s] -- Found rosidl_adapter: 1.2.1 (/opt/ros/foxy/share/rosidl_adapter/cmake)
[3.966s] -- Found OpenSSL: /usr/lib/x86_64-linux-gnu/libcrypto.so (found version "1.1.1f")  
[4.032s] -- Found FastRTPS: /opt/ros/foxy/include  
[4.300s] -- Using all available rosidl_typesupport_cpp: rosidl_typesupport_fastrtps_cpp;rosidl_typesupport_introspection_cpp
[4.465s] -- Found PythonInterp: /usr/bin/python3 (found version "3.8.10") 
[4.717s] -- Found ament_cmake_ros: 0.9.2 (/opt/ros/foxy/share/ament_cmake_ros/cmake)
[4.960s] -- Using all available rosidl_typesupport_c: rosidl_typesupport_fastrtps_c;rosidl_typesupport_introspection_c
[4.991s] -- Using all available rosidl_typesupport_cpp: rosidl_typesupport_fastrtps_cpp;rosidl_typesupport_introspection_cpp
[5.054s] -- Found PythonInterp: /usr/bin/python3 (found suitable version "3.8.10", minimum required is "3.5") 
[5.061s] -- Found python_cmake_module: 0.8.1 (/opt/ros/foxy/share/python_cmake_module/cmake)
[5.134s] -- Found PythonLibs: /usr/lib/x86_64-linux-gnu/libpython3.8.so (found suitable version "3.8.10", minimum required is "3.5") 
[5.135s] -- Using PYTHON_EXECUTABLE: /usr/bin/python3
[5.135s] -- Using PYTHON_INCLUDE_DIRS: /usr/include/python3.8
[5.136s] -- Using PYTHON_LIBRARIES: /usr/lib/x86_64-linux-gnu/libpython3.8.so
[5.201s] -- Found PythonExtra: .so  
[5.402s] -- Added test 'copyright' to check source files copyright and LICENSE
[5.414s] -- Added test 'lint_cmake' to check CMake code style
[5.422s] -- Added test 'xmllint' to check XML markup files
[5.456s] -- Configuring done
[5.590s] -- Generating done
[5.604s] -- Build files have been written to: /home/ruben/ciic/build/ciic_ros_tasks_messages
[5.625s] Invoked command in '/home/ruben/ciic/build/ciic_ros_tasks_messages' returned '0': CMAKE_PREFIX_PATH=/opt/ros/foxy /usr/bin/cmake /home/ruben/ciic/src/ciic_ros_tasks_messages -DCMAKE_INSTALL_PREFIX=/home/ruben/ciic/install/ciic_ros_tasks_messages
[5.634s] Invoking command in '/home/ruben/ciic/build/ciic_ros_tasks_messages': CMAKE_PREFIX_PATH=/opt/ros/foxy /usr/bin/cmake --build /home/ruben/ciic/build/ciic_ros_tasks_messages -- -j2 -l2
[5.767s] [35m[1mScanning dependencies of target ciic_ros_tasks_messages__cpp[0m
[5.810s] [  2%] [34m[1mGenerating C++ code for ROS interfaces[0m
[7.091s] [  2%] Built target ciic_ros_tasks_messages__cpp
[7.120s] [  5%] [34m[1mGenerating C code for ROS interfaces[0m
[8.573s] [35m[1mScanning dependencies of target ciic_ros_tasks_messages__rosidl_generator_c[0m
[8.649s] [  7%] [32mBuilding C object CMakeFiles/ciic_ros_tasks_messages__rosidl_generator_c.dir/rosidl_generator_c/ciic_ros_tasks_messages/msg/detail/task_booking__functions.c.o[0m
[8.842s] [ 10%] [32mBuilding C object CMakeFiles/ciic_ros_tasks_messages__rosidl_generator_c.dir/rosidl_generator_c/ciic_ros_tasks_messages/srv/detail/led_task__functions.c.o[0m
[9.017s] [ 12%] [32m[1mLinking C shared library libciic_ros_tasks_messages__rosidl_generator_c.so[0m
[9.135s] [ 12%] Built target ciic_ros_tasks_messages__rosidl_generator_c
[9.173s] [ 15%] [34m[1mGenerating C++ introspection for ROS interfaces[0m
[10.227s] [35m[1mScanning dependencies of target ciic_ros_tasks_messages__rosidl_typesupport_introspection_cpp[0m
[10.326s] [ 17%] [32mBuilding CXX object CMakeFiles/ciic_ros_tasks_messages__rosidl_typesupport_introspection_cpp.dir/rosidl_typesupport_introspection_cpp/ciic_ros_tasks_messages/msg/detail/task_booking__type_support.cpp.o[0m
[11.614s] [ 20%] [32mBuilding CXX object CMakeFiles/ciic_ros_tasks_messages__rosidl_typesupport_introspection_cpp.dir/rosidl_typesupport_introspection_cpp/ciic_ros_tasks_messages/srv/detail/led_task__type_support.cpp.o[0m
[12.689s] [ 23%] [32m[1mLinking CXX shared library libciic_ros_tasks_messages__rosidl_typesupport_introspection_cpp.so[0m
[12.910s] [ 23%] Built target ciic_ros_tasks_messages__rosidl_typesupport_introspection_cpp
[12.949s] [ 25%] [34m[1mGenerating C++ type support for eProsima Fast-RTPS[0m
[14.066s] [35m[1mScanning dependencies of target ciic_ros_tasks_messages__rosidl_typesupport_fastrtps_cpp[0m
[14.198s] [ 28%] [32mBuilding CXX object CMakeFiles/ciic_ros_tasks_messages__rosidl_typesupport_fastrtps_cpp.dir/rosidl_typesupport_fastrtps_cpp/ciic_ros_tasks_messages/msg/detail/dds_fastrtps/task_booking__type_support.cpp.o[0m
[15.984s] [ 30%] [32mBuilding CXX object CMakeFiles/ciic_ros_tasks_messages__rosidl_typesupport_fastrtps_cpp.dir/rosidl_typesupport_fastrtps_cpp/ciic_ros_tasks_messages/srv/detail/dds_fastrtps/led_task__type_support.cpp.o[0m
[17.632s] [ 33%] [32m[1mLinking CXX shared library libciic_ros_tasks_messages__rosidl_typesupport_fastrtps_cpp.so[0m
[17.952s] [ 33%] Built target ciic_ros_tasks_messages__rosidl_typesupport_fastrtps_cpp
[17.978s] [ 35%] [34m[1mGenerating C type support dispatch for ROS interfaces[0m
[18.859s] [35m[1mScanning dependencies of target ciic_ros_tasks_messages__rosidl_typesupport_c[0m
[18.940s] [ 38%] [32mBuilding CXX object CMakeFiles/ciic_ros_tasks_messages__rosidl_typesupport_c.dir/rosidl_typesupport_c/ciic_ros_tasks_messages/msg/task_booking__type_support.cpp.o[0m
[19.032s] [ 41%] [32mBuilding CXX object CMakeFiles/ciic_ros_tasks_messages__rosidl_typesupport_c.dir/rosidl_typesupport_c/ciic_ros_tasks_messages/srv/led_task__type_support.cpp.o[0m
[19.135s] [ 43%] [32m[1mLinking CXX shared library libciic_ros_tasks_messages__rosidl_typesupport_c.so[0m
[19.300s] [ 43%] Built target ciic_ros_tasks_messages__rosidl_typesupport_c
[19.330s] [ 46%] [34m[1mGenerating C++ type support dispatch for ROS interfaces[0m
[20.159s] [35m[1mScanning dependencies of target ciic_ros_tasks_messages__rosidl_typesupport_cpp[0m
[20.206s] [ 48%] [32mBuilding CXX object CMakeFiles/ciic_ros_tasks_messages__rosidl_typesupport_cpp.dir/rosidl_typesupport_cpp/ciic_ros_tasks_messages/msg/task_booking__type_support.cpp.o[0m
[21.211s] [ 51%] [32mBuilding CXX object CMakeFiles/ciic_ros_tasks_messages__rosidl_typesupport_cpp.dir/rosidl_typesupport_cpp/ciic_ros_tasks_messages/srv/led_task__type_support.cpp.o[0m
[22.030s] [ 53%] [32m[1mLinking CXX shared library libciic_ros_tasks_messages__rosidl_typesupport_cpp.so[0m
[22.167s] [ 53%] Built target ciic_ros_tasks_messages__rosidl_typesupport_cpp
[22.192s] [ 56%] [34m[1mGenerating C type support for eProsima Fast-RTPS[0m
[23.046s] [35m[1mScanning dependencies of target ciic_ros_tasks_messages__rosidl_typesupport_fastrtps_c[0m
[23.134s] [ 58%] [32mBuilding CXX object CMakeFiles/ciic_ros_tasks_messages__rosidl_typesupport_fastrtps_c.dir/rosidl_typesupport_fastrtps_c/ciic_ros_tasks_messages/msg/detail/task_booking__type_support_c.cpp.o[0m
[24.244s] [ 61%] [32mBuilding CXX object CMakeFiles/ciic_ros_tasks_messages__rosidl_typesupport_fastrtps_c.dir/rosidl_typesupport_fastrtps_c/ciic_ros_tasks_messages/srv/detail/led_task__type_support_c.cpp.o[0m
[25.709s] [ 64%] [32m[1mLinking CXX shared library libciic_ros_tasks_messages__rosidl_typesupport_fastrtps_c.so[0m
[25.977s] [ 64%] Built target ciic_ros_tasks_messages__rosidl_typesupport_fastrtps_c
[26.010s] [ 66%] [34m[1mGenerating C introspection for ROS interfaces[0m
[27.175s] [35m[1mScanning dependencies of target ciic_ros_tasks_messages__rosidl_typesupport_introspection_c[0m
[27.261s] [ 69%] [32mBuilding C object CMakeFiles/ciic_ros_tasks_messages__rosidl_typesupport_introspection_c.dir/rosidl_typesupport_introspection_c/ciic_ros_tasks_messages/msg/detail/task_booking__type_support.c.o[0m
[27.376s] [ 71%] [32mBuilding C object CMakeFiles/ciic_ros_tasks_messages__rosidl_typesupport_introspection_c.dir/rosidl_typesupport_introspection_c/ciic_ros_tasks_messages/srv/detail/led_task__type_support.c.o[0m
[27.513s] [ 74%] [32m[1mLinking C shared library libciic_ros_tasks_messages__rosidl_typesupport_introspection_c.so[0m
[27.615s] [ 74%] Built target ciic_ros_tasks_messages__rosidl_typesupport_introspection_c
[27.643s] [35m[1mScanning dependencies of target ciic_ros_tasks_messages[0m
[27.686s] [ 74%] Built target ciic_ros_tasks_messages
[27.715s] [35m[1mScanning dependencies of target ciic_ros_tasks_messages__py[0m
[27.747s] [ 76%] [34m[1mGenerating Python code for ROS interfaces[0m
[30.312s] [ 76%] Built target ciic_ros_tasks_messages__py
[30.344s] [35m[1mScanning dependencies of target ciic_ros_tasks_messages__python[0m
[30.546s] [ 79%] [32mBuilding C object CMakeFiles/ciic_ros_tasks_messages__python.dir/rosidl_generator_py/ciic_ros_tasks_messages/msg/_task_booking_s.c.o[0m
[30.927s] [ 82%] [32mBuilding C object CMakeFiles/ciic_ros_tasks_messages__python.dir/rosidl_generator_py/ciic_ros_tasks_messages/srv/_led_task_s.c.o[0m
[31.287s] [ 84%] [32m[1mLinking C shared library rosidl_generator_py/ciic_ros_tasks_messages/libciic_ros_tasks_messages__python.so[0m
[31.468s] [ 84%] Built target ciic_ros_tasks_messages__python
[31.506s] [35m[1mScanning dependencies of target ciic_ros_tasks_messages__rosidl_typesupport_c__pyext[0m
[31.569s] [ 87%] [32mBuilding C object CMakeFiles/ciic_ros_tasks_messages__rosidl_typesupport_c__pyext.dir/rosidl_generator_py/ciic_ros_tasks_messages/_ciic_ros_tasks_messages_s.ep.rosidl_typesupport_c.c.o[0m
[31.896s] [ 89%] [32m[1mLinking C shared library rosidl_generator_py/ciic_ros_tasks_messages/ciic_ros_tasks_messages_s__rosidl_typesupport_c.cpython-38-x86_64-linux-gnu.so[0m
[32.003s] [ 89%] Built target ciic_ros_tasks_messages__rosidl_typesupport_c__pyext
[32.034s] [35m[1mScanning dependencies of target ciic_ros_tasks_messages__rosidl_typesupport_introspection_c__pyext[0m
[32.101s] [ 92%] [32mBuilding C object CMakeFiles/ciic_ros_tasks_messages__rosidl_typesupport_introspection_c__pyext.dir/rosidl_generator_py/ciic_ros_tasks_messages/_ciic_ros_tasks_messages_s.ep.rosidl_typesupport_introspection_c.c.o[0m
[32.449s] [ 94%] [32m[1mLinking C shared library rosidl_generator_py/ciic_ros_tasks_messages/ciic_ros_tasks_messages_s__rosidl_typesupport_introspection_c.cpython-38-x86_64-linux-gnu.so[0m
[32.566s] [ 94%] Built target ciic_ros_tasks_messages__rosidl_typesupport_introspection_c__pyext
[32.604s] [35m[1mScanning dependencies of target ciic_ros_tasks_messages__rosidl_typesupport_fastrtps_c__pyext[0m
[32.669s] [ 97%] [32mBuilding C object CMakeFiles/ciic_ros_tasks_messages__rosidl_typesupport_fastrtps_c__pyext.dir/rosidl_generator_py/ciic_ros_tasks_messages/_ciic_ros_tasks_messages_s.ep.rosidl_typesupport_fastrtps_c.c.o[0m
[32.986s] [100%] [32m[1mLinking CXX shared library rosidl_generator_py/ciic_ros_tasks_messages/ciic_ros_tasks_messages_s__rosidl_typesupport_fastrtps_c.cpython-38-x86_64-linux-gnu.so[0m
[33.193s] [100%] Built target ciic_ros_tasks_messages__rosidl_typesupport_fastrtps_c__pyext
[33.224s] Invoked command in '/home/ruben/ciic/build/ciic_ros_tasks_messages' returned '0': CMAKE_PREFIX_PATH=/opt/ros/foxy /usr/bin/cmake --build /home/ruben/ciic/build/ciic_ros_tasks_messages -- -j2 -l2
[33.430s] Invoking command in '/home/ruben/ciic/build/ciic_ros_tasks_messages': CMAKE_PREFIX_PATH=/opt/ros/foxy /usr/bin/cmake --install /home/ruben/ciic/build/ciic_ros_tasks_messages
[33.453s] -- Install configuration: ""
[33.453s] -- Installing: /home/ruben/ciic/install/ciic_ros_tasks_messages/share/ament_index/resource_index/rosidl_interfaces/ciic_ros_tasks_messages
[33.454s] -- Installing: /home/ruben/ciic/install/ciic_ros_tasks_messages/include/ciic_ros_tasks_messages
[33.456s] -- Installing: /home/ruben/ciic/install/ciic_ros_tasks_messages/include/ciic_ros_tasks_messages/srv
[33.456s] -- Installing: /home/ruben/ciic/install/ciic_ros_tasks_messages/include/ciic_ros_tasks_messages/srv/led_task.h
[33.457s] -- Installing: /home/ruben/ciic/install/ciic_ros_tasks_messages/include/ciic_ros_tasks_messages/srv/detail
[33.458s] -- Installing: /home/ruben/ciic/install/ciic_ros_tasks_messages/include/ciic_ros_tasks_messages/srv/detail/led_task__functions.h
[33.458s] -- Installing: /home/ruben/ciic/install/ciic_ros_tasks_messages/include/ciic_ros_tasks_messages/srv/detail/led_task__functions.c
[33.459s] -- Installing: /home/ruben/ciic/install/ciic_ros_tasks_messages/include/ciic_ros_tasks_messages/srv/detail/led_task__struct.h
[33.459s] -- Installing: /home/ruben/ciic/install/ciic_ros_tasks_messages/include/ciic_ros_tasks_messages/srv/detail/led_task__type_support.h
[33.459s] -- Installing: /home/ruben/ciic/install/ciic_ros_tasks_messages/include/ciic_ros_tasks_messages/msg
[33.460s] -- Installing: /home/ruben/ciic/install/ciic_ros_tasks_messages/include/ciic_ros_tasks_messages/msg/detail
[33.460s] -- Installing: /home/ruben/ciic/install/ciic_ros_tasks_messages/include/ciic_ros_tasks_messages/msg/detail/task_booking__functions.c
[33.461s] -- Installing: /home/ruben/ciic/install/ciic_ros_tasks_messages/include/ciic_ros_tasks_messages/msg/detail/task_booking__functions.h
[33.461s] -- Installing: /home/ruben/ciic/install/ciic_ros_tasks_messages/include/ciic_ros_tasks_messages/msg/detail/task_booking__type_support.h
[33.462s] -- Installing: /home/ruben/ciic/install/ciic_ros_tasks_messages/include/ciic_ros_tasks_messages/msg/detail/task_booking__struct.h
[33.462s] -- Installing: /home/ruben/ciic/install/ciic_ros_tasks_messages/include/ciic_ros_tasks_messages/msg/rosidl_generator_c__visibility_control.h
[33.464s] -- Installing: /home/ruben/ciic/install/ciic_ros_tasks_messages/include/ciic_ros_tasks_messages/msg/task_booking.h
[33.464s] -- Installing: /home/ruben/ciic/install/ciic_ros_tasks_messages/share/ciic_ros_tasks_messages/environment/library_path.sh
[33.465s] -- Installing: /home/ruben/ciic/install/ciic_ros_tasks_messages/share/ciic_ros_tasks_messages/environment/library_path.dsv
[33.467s] -- Installing: /home/ruben/ciic/install/ciic_ros_tasks_messages/lib/libciic_ros_tasks_messages__rosidl_generator_c.so
[33.468s] -- Set runtime path of "/home/ruben/ciic/install/ciic_ros_tasks_messages/lib/libciic_ros_tasks_messages__rosidl_generator_c.so" to ""
[33.468s] -- Up-to-date: /home/ruben/ciic/install/ciic_ros_tasks_messages/include/ciic_ros_tasks_messages
[33.470s] -- Up-to-date: /home/ruben/ciic/install/ciic_ros_tasks_messages/include/ciic_ros_tasks_messages/srv
[33.473s] -- Up-to-date: /home/ruben/ciic/install/ciic_ros_tasks_messages/include/ciic_ros_tasks_messages/srv/detail
[33.475s] -- Installing: /home/ruben/ciic/install/ciic_ros_tasks_messages/include/ciic_ros_tasks_messages/srv/detail/led_task__rosidl_typesupport_fastrtps_c.h
[33.475s] -- Up-to-date: /home/ruben/ciic/install/ciic_ros_tasks_messages/include/ciic_ros_tasks_messages/msg
[33.475s] -- Installing: /home/ruben/ciic/install/ciic_ros_tasks_messages/include/ciic_ros_tasks_messages/msg/rosidl_typesupport_fastrtps_c__visibility_control.h
[33.477s] -- Up-to-date: /home/ruben/ciic/install/ciic_ros_tasks_messages/include/ciic_ros_tasks_messages/msg/detail
[33.477s] -- Installing: /home/ruben/ciic/install/ciic_ros_tasks_messages/include/ciic_ros_tasks_messages/msg/detail/task_booking__rosidl_typesupport_fastrtps_c.h
[33.478s] -- Installing: /home/ruben/ciic/install/ciic_ros_tasks_messages/lib/libciic_ros_tasks_messages__rosidl_typesupport_fastrtps_c.so
[33.481s] -- Set runtime path of "/home/ruben/ciic/install/ciic_ros_tasks_messages/lib/libciic_ros_tasks_messages__rosidl_typesupport_fastrtps_c.so" to ""
[33.481s] -- Up-to-date: /home/ruben/ciic/install/ciic_ros_tasks_messages/include/ciic_ros_tasks_messages
[33.482s] -- Up-to-date: /home/ruben/ciic/install/ciic_ros_tasks_messages/include/ciic_ros_tasks_messages/srv
[33.482s] -- Up-to-date: /home/ruben/ciic/install/ciic_ros_tasks_messages/include/ciic_ros_tasks_messages/srv/detail
[33.482s] -- Installing: /home/ruben/ciic/install/ciic_ros_tasks_messages/include/ciic_ros_tasks_messages/srv/detail/led_task__rosidl_typesupport_fastrtps_cpp.hpp
[33.482s] -- Installing: /home/ruben/ciic/install/ciic_ros_tasks_messages/include/ciic_ros_tasks_messages/srv/detail/dds_fastrtps
[33.482s] -- Up-to-date: /home/ruben/ciic/install/ciic_ros_tasks_messages/include/ciic_ros_tasks_messages/msg
[33.482s] -- Installing: /home/ruben/ciic/install/ciic_ros_tasks_messages/include/ciic_ros_tasks_messages/msg/rosidl_typesupport_fastrtps_cpp__visibility_control.h
[33.483s] -- Up-to-date: /home/ruben/ciic/install/ciic_ros_tasks_messages/include/ciic_ros_tasks_messages/msg/detail
[33.483s] -- Installing: /home/ruben/ciic/install/ciic_ros_tasks_messages/include/ciic_ros_tasks_messages/msg/detail/dds_fastrtps
[33.485s] -- Installing: /home/ruben/ciic/install/ciic_ros_tasks_messages/include/ciic_ros_tasks_messages/msg/detail/task_booking__rosidl_typesupport_fastrtps_cpp.hpp
[33.485s] -- Installing: /home/ruben/ciic/install/ciic_ros_tasks_messages/lib/libciic_ros_tasks_messages__rosidl_typesupport_fastrtps_cpp.so
[33.485s] -- Set runtime path of "/home/ruben/ciic/install/ciic_ros_tasks_messages/lib/libciic_ros_tasks_messages__rosidl_typesupport_fastrtps_cpp.so" to ""
[33.489s] -- Up-to-date: /home/ruben/ciic/install/ciic_ros_tasks_messages/include/ciic_ros_tasks_messages
[33.489s] -- Up-to-date: /home/ruben/ciic/install/ciic_ros_tasks_messages/include/ciic_ros_tasks_messages/srv
[33.490s] -- Up-to-date: /home/ruben/ciic/install/ciic_ros_tasks_messages/include/ciic_ros_tasks_messages/srv/detail
[33.490s] -- Installing: /home/ruben/ciic/install/ciic_ros_tasks_messages/include/ciic_ros_tasks_messages/srv/detail/led_task__type_support.c
[33.490s] -- Installing: /home/ruben/ciic/install/ciic_ros_tasks_messages/include/ciic_ros_tasks_messages/srv/detail/led_task__rosidl_typesupport_introspection_c.h
[33.491s] -- Up-to-date: /home/ruben/ciic/install/ciic_ros_tasks_messages/include/ciic_ros_tasks_messages/msg
[33.491s] -- Installing: /home/ruben/ciic/install/ciic_ros_tasks_messages/include/ciic_ros_tasks_messages/msg/rosidl_typesupport_introspection_c__visibility_control.h
[33.491s] -- Up-to-date: /home/ruben/ciic/install/ciic_ros_tasks_messages/include/ciic_ros_tasks_messages/msg/detail
[33.491s] -- Installing: /home/ruben/ciic/install/ciic_ros_tasks_messages/include/ciic_ros_tasks_messages/msg/detail/task_booking__type_support.c
[33.492s] -- Installing: /home/ruben/ciic/install/ciic_ros_tasks_messages/include/ciic_ros_tasks_messages/msg/detail/task_booking__rosidl_typesupport_introspection_c.h
[33.492s] -- Installing: /home/ruben/ciic/install/ciic_ros_tasks_messages/lib/libciic_ros_tasks_messages__rosidl_typesupport_introspection_c.so
[33.492s] -- Set runtime path of "/home/ruben/ciic/install/ciic_ros_tasks_messages/lib/libciic_ros_tasks_messages__rosidl_typesupport_introspection_c.so" to ""
[33.493s] -- Installing: /home/ruben/ciic/install/ciic_ros_tasks_messages/lib/libciic_ros_tasks_messages__rosidl_typesupport_c.so
[33.493s] -- Set runtime path of "/home/ruben/ciic/install/ciic_ros_tasks_messages/lib/libciic_ros_tasks_messages__rosidl_typesupport_c.so" to ""
[33.493s] -- Up-to-date: /home/ruben/ciic/install/ciic_ros_tasks_messages/include/ciic_ros_tasks_messages
[33.498s] -- Up-to-date: /home/ruben/ciic/install/ciic_ros_tasks_messages/include/ciic_ros_tasks_messages/srv
[33.498s] -- Up-to-date: /home/ruben/ciic/install/ciic_ros_tasks_messages/include/ciic_ros_tasks_messages/srv/detail
[33.498s] -- Installing: /home/ruben/ciic/install/ciic_ros_tasks_messages/include/ciic_ros_tasks_messages/srv/detail/led_task__builder.hpp
[33.499s] -- Installing: /home/ruben/ciic/install/ciic_ros_tasks_messages/include/ciic_ros_tasks_messages/srv/detail/led_task__struct.hpp
[33.499s] -- Installing: /home/ruben/ciic/install/ciic_ros_tasks_messages/include/ciic_ros_tasks_messages/srv/detail/led_task__traits.hpp
[33.499s] -- Installing: /home/ruben/ciic/install/ciic_ros_tasks_messages/include/ciic_ros_tasks_messages/srv/led_task.hpp
[33.499s] -- Up-to-date: /home/ruben/ciic/install/ciic_ros_tasks_messages/include/ciic_ros_tasks_messages/msg
[33.500s] -- Up-to-date: /home/ruben/ciic/install/ciic_ros_tasks_messages/include/ciic_ros_tasks_messages/msg/detail
[33.500s] -- Installing: /home/ruben/ciic/install/ciic_ros_tasks_messages/include/ciic_ros_tasks_messages/msg/detail/task_booking__struct.hpp
[33.500s] -- Installing: /home/ruben/ciic/install/ciic_ros_tasks_messages/include/ciic_ros_tasks_messages/msg/detail/task_booking__builder.hpp
[33.501s] -- Installing: /home/ruben/ciic/install/ciic_ros_tasks_messages/include/ciic_ros_tasks_messages/msg/detail/task_booking__traits.hpp
[33.505s] -- Installing: /home/ruben/ciic/install/ciic_ros_tasks_messages/include/ciic_ros_tasks_messages/msg/task_booking.hpp
[33.505s] -- Up-to-date: /home/ruben/ciic/install/ciic_ros_tasks_messages/include/ciic_ros_tasks_messages
[33.506s] -- Up-to-date: /home/ruben/ciic/install/ciic_ros_tasks_messages/include/ciic_ros_tasks_messages/srv
[33.506s] -- Up-to-date: /home/ruben/ciic/install/ciic_ros_tasks_messages/include/ciic_ros_tasks_messages/srv/detail
[33.506s] -- Installing: /home/ruben/ciic/install/ciic_ros_tasks_messages/include/ciic_ros_tasks_messages/srv/detail/led_task__rosidl_typesupport_introspection_cpp.hpp
[33.506s] -- Installing: /home/ruben/ciic/install/ciic_ros_tasks_messages/include/ciic_ros_tasks_messages/srv/detail/led_task__type_support.cpp
[33.506s] -- Up-to-date: /home/ruben/ciic/install/ciic_ros_tasks_messages/include/ciic_ros_tasks_messages/msg
[33.506s] -- Up-to-date: /home/ruben/ciic/install/ciic_ros_tasks_messages/include/ciic_ros_tasks_messages/msg/detail
[33.507s] -- Installing: /home/ruben/ciic/install/ciic_ros_tasks_messages/include/ciic_ros_tasks_messages/msg/detail/task_booking__rosidl_typesupport_introspection_cpp.hpp
[33.507s] -- Installing: /home/ruben/ciic/install/ciic_ros_tasks_messages/include/ciic_ros_tasks_messages/msg/detail/task_booking__type_support.cpp
[33.507s] -- Installing: /home/ruben/ciic/install/ciic_ros_tasks_messages/lib/libciic_ros_tasks_messages__rosidl_typesupport_introspection_cpp.so
[33.507s] -- Set runtime path of "/home/ruben/ciic/install/ciic_ros_tasks_messages/lib/libciic_ros_tasks_messages__rosidl_typesupport_introspection_cpp.so" to ""
[33.507s] -- Installing: /home/ruben/ciic/install/ciic_ros_tasks_messages/lib/libciic_ros_tasks_messages__rosidl_typesupport_cpp.so
[33.507s] -- Set runtime path of "/home/ruben/ciic/install/ciic_ros_tasks_messages/lib/libciic_ros_tasks_messages__rosidl_typesupport_cpp.so" to ""
[33.508s] -- Installing: /home/ruben/ciic/install/ciic_ros_tasks_messages/share/ciic_ros_tasks_messages/environment/pythonpath.sh
[33.508s] -- Installing: /home/ruben/ciic/install/ciic_ros_tasks_messages/share/ciic_ros_tasks_messages/environment/pythonpath.dsv
[33.508s] -- Installing: /home/ruben/ciic/install/ciic_ros_tasks_messages/lib/python3.8/site-packages/ciic_ros_tasks_messages/__init__.py
[33.570s] Compiling '/home/ruben/ciic/install/ciic_ros_tasks_messages/lib/python3.8/site-packages/ciic_ros_tasks_messages/__init__.py'...
[33.581s] -- Installing: /home/ruben/ciic/install/ciic_ros_tasks_messages/lib/python3.8/site-packages/ciic_ros_tasks_messages/msg
[33.582s] -- Installing: /home/ruben/ciic/install/ciic_ros_tasks_messages/lib/python3.8/site-packages/ciic_ros_tasks_messages/msg/_task_booking_s.c
[33.582s] -- Installing: /home/ruben/ciic/install/ciic_ros_tasks_messages/lib/python3.8/site-packages/ciic_ros_tasks_messages/msg/__init__.py
[33.583s] -- Installing: /home/ruben/ciic/install/ciic_ros_tasks_messages/lib/python3.8/site-packages/ciic_ros_tasks_messages/msg/_task_booking.py
[33.587s] -- Installing: /home/ruben/ciic/install/ciic_ros_tasks_messages/lib/python3.8/site-packages/ciic_ros_tasks_messages/srv
[33.588s] -- Installing: /home/ruben/ciic/install/ciic_ros_tasks_messages/lib/python3.8/site-packages/ciic_ros_tasks_messages/srv/_led_task_s.c
[33.590s] -- Installing: /home/ruben/ciic/install/ciic_ros_tasks_messages/lib/python3.8/site-packages/ciic_ros_tasks_messages/srv/__init__.py
[33.590s] -- Installing: /home/ruben/ciic/install/ciic_ros_tasks_messages/lib/python3.8/site-packages/ciic_ros_tasks_messages/srv/_led_task.py
[33.590s] -- Installing: /home/ruben/ciic/install/ciic_ros_tasks_messages/lib/python3.8/site-packages/ciic_ros_tasks_messages/ciic_ros_tasks_messages_s__rosidl_typesupport_fastrtps_c.cpython-38-x86_64-linux-gnu.so
[33.591s] -- Set runtime path of "/home/ruben/ciic/install/ciic_ros_tasks_messages/lib/python3.8/site-packages/ciic_ros_tasks_messages/ciic_ros_tasks_messages_s__rosidl_typesupport_fastrtps_c.cpython-38-x86_64-linux-gnu.so" to ""
[33.591s] -- Installing: /home/ruben/ciic/install/ciic_ros_tasks_messages/lib/python3.8/site-packages/ciic_ros_tasks_messages/ciic_ros_tasks_messages_s__rosidl_typesupport_introspection_c.cpython-38-x86_64-linux-gnu.so
[33.591s] -- Set runtime path of "/home/ruben/ciic/install/ciic_ros_tasks_messages/lib/python3.8/site-packages/ciic_ros_tasks_messages/ciic_ros_tasks_messages_s__rosidl_typesupport_introspection_c.cpython-38-x86_64-linux-gnu.so" to ""
[33.592s] -- Installing: /home/ruben/ciic/install/ciic_ros_tasks_messages/lib/python3.8/site-packages/ciic_ros_tasks_messages/ciic_ros_tasks_messages_s__rosidl_typesupport_c.cpython-38-x86_64-linux-gnu.so
[33.593s] -- Set runtime path of "/home/ruben/ciic/install/ciic_ros_tasks_messages/lib/python3.8/site-packages/ciic_ros_tasks_messages/ciic_ros_tasks_messages_s__rosidl_typesupport_c.cpython-38-x86_64-linux-gnu.so" to ""
[33.594s] -- Installing: /home/ruben/ciic/install/ciic_ros_tasks_messages/lib/libciic_ros_tasks_messages__python.so
[33.595s] -- Set runtime path of "/home/ruben/ciic/install/ciic_ros_tasks_messages/lib/libciic_ros_tasks_messages__python.so" to ""
[33.595s] -- Installing: /home/ruben/ciic/install/ciic_ros_tasks_messages/share/ciic_ros_tasks_messages/msg/TaskBooking.idl
[33.596s] -- Installing: /home/ruben/ciic/install/ciic_ros_tasks_messages/share/ciic_ros_tasks_messages/srv/LedTask.idl
[33.596s] -- Installing: /home/ruben/ciic/install/ciic_ros_tasks_messages/share/ciic_ros_tasks_messages/msg/TaskBooking.msg
[33.597s] -- Installing: /home/ruben/ciic/install/ciic_ros_tasks_messages/share/ciic_ros_tasks_messages/srv/LedTask.srv
[33.598s] -- Installing: /home/ruben/ciic/install/ciic_ros_tasks_messages/share/ciic_ros_tasks_messages/srv/LedTask_Request.msg
[33.599s] -- Installing: /home/ruben/ciic/install/ciic_ros_tasks_messages/share/ciic_ros_tasks_messages/srv/LedTask_Response.msg
[33.601s] -- Installing: /home/ruben/ciic/install/ciic_ros_tasks_messages/share/ament_index/resource_index/package_run_dependencies/ciic_ros_tasks_messages
[33.602s] -- Installing: /home/ruben/ciic/install/ciic_ros_tasks_messages/share/ament_index/resource_index/parent_prefix_path/ciic_ros_tasks_messages
[33.602s] -- Installing: /home/ruben/ciic/install/ciic_ros_tasks_messages/share/ciic_ros_tasks_messages/environment/ament_prefix_path.sh
[33.603s] -- Installing: /home/ruben/ciic/install/ciic_ros_tasks_messages/share/ciic_ros_tasks_messages/environment/ament_prefix_path.dsv
[33.605s] -- Installing: /home/ruben/ciic/install/ciic_ros_tasks_messages/share/ciic_ros_tasks_messages/environment/path.sh
[33.606s] -- Installing: /home/ruben/ciic/install/ciic_ros_tasks_messages/share/ciic_ros_tasks_messages/environment/path.dsv
[33.606s] -- Installing: /home/ruben/ciic/install/ciic_ros_tasks_messages/share/ciic_ros_tasks_messages/local_setup.bash
[33.606s] -- Installing: /home/ruben/ciic/install/ciic_ros_tasks_messages/share/ciic_ros_tasks_messages/local_setup.sh
[33.607s] -- Installing: /home/ruben/ciic/install/ciic_ros_tasks_messages/share/ciic_ros_tasks_messages/local_setup.zsh
[33.607s] -- Installing: /home/ruben/ciic/install/ciic_ros_tasks_messages/share/ciic_ros_tasks_messages/local_setup.dsv
[33.609s] -- Installing: /home/ruben/ciic/install/ciic_ros_tasks_messages/share/ciic_ros_tasks_messages/package.dsv
[33.610s] -- Installing: /home/ruben/ciic/install/ciic_ros_tasks_messages/share/ament_index/resource_index/packages/ciic_ros_tasks_messages
[33.610s] -- Installing: /home/ruben/ciic/install/ciic_ros_tasks_messages/share/ciic_ros_tasks_messages/cmake/ciic_ros_tasks_messages__rosidl_generator_cExport.cmake
[33.610s] -- Installing: /home/ruben/ciic/install/ciic_ros_tasks_messages/share/ciic_ros_tasks_messages/cmake/ciic_ros_tasks_messages__rosidl_generator_cExport-noconfig.cmake
[33.610s] -- Installing: /home/ruben/ciic/install/ciic_ros_tasks_messages/share/ciic_ros_tasks_messages/cmake/ciic_ros_tasks_messages__rosidl_typesupport_introspection_cExport.cmake
[33.610s] -- Installing: /home/ruben/ciic/install/ciic_ros_tasks_messages/share/ciic_ros_tasks_messages/cmake/ciic_ros_tasks_messages__rosidl_typesupport_introspection_cExport-noconfig.cmake
[33.611s] -- Installing: /home/ruben/ciic/install/ciic_ros_tasks_messages/share/ciic_ros_tasks_messages/cmake/ciic_ros_tasks_messages__rosidl_typesupport_cExport.cmake
[33.611s] -- Installing: /home/ruben/ciic/install/ciic_ros_tasks_messages/share/ciic_ros_tasks_messages/cmake/ciic_ros_tasks_messages__rosidl_typesupport_cExport-noconfig.cmake
[33.611s] -- Installing: /home/ruben/ciic/install/ciic_ros_tasks_messages/share/ciic_ros_tasks_messages/cmake/ciic_ros_tasks_messages__rosidl_generator_cppExport.cmake
[33.611s] -- Installing: /home/ruben/ciic/install/ciic_ros_tasks_messages/share/ciic_ros_tasks_messages/cmake/ciic_ros_tasks_messages__rosidl_typesupport_introspection_cppExport.cmake
[33.612s] -- Installing: /home/ruben/ciic/install/ciic_ros_tasks_messages/share/ciic_ros_tasks_messages/cmake/ciic_ros_tasks_messages__rosidl_typesupport_introspection_cppExport-noconfig.cmake
[33.612s] -- Installing: /home/ruben/ciic/install/ciic_ros_tasks_messages/share/ciic_ros_tasks_messages/cmake/ciic_ros_tasks_messages__rosidl_typesupport_cppExport.cmake
[33.615s] -- Installing: /home/ruben/ciic/install/ciic_ros_tasks_messages/share/ciic_ros_tasks_messages/cmake/ciic_ros_tasks_messages__rosidl_typesupport_cppExport-noconfig.cmake
[33.616s] -- Installing: /home/ruben/ciic/install/ciic_ros_tasks_messages/share/ciic_ros_tasks_messages/cmake/rosidl_cmake-extras.cmake
[33.616s] -- Installing: /home/ruben/ciic/install/ciic_ros_tasks_messages/share/ciic_ros_tasks_messages/cmake/ament_cmake_export_dependencies-extras.cmake
[33.616s] -- Installing: /home/ruben/ciic/install/ciic_ros_tasks_messages/share/ciic_ros_tasks_messages/cmake/ament_cmake_export_libraries-extras.cmake
[33.616s] -- Installing: /home/ruben/ciic/install/ciic_ros_tasks_messages/share/ciic_ros_tasks_messages/cmake/ament_cmake_export_targets-extras.cmake
[33.617s] -- Installing: /home/ruben/ciic/install/ciic_ros_tasks_messages/share/ciic_ros_tasks_messages/cmake/ament_cmake_export_include_directories-extras.cmake
[33.617s] -- Installing: /home/ruben/ciic/install/ciic_ros_tasks_messages/share/ciic_ros_tasks_messages/cmake/rosidl_cmake_export_typesupport_libraries-extras.cmake
[33.617s] -- Installing: /home/ruben/ciic/install/ciic_ros_tasks_messages/share/ciic_ros_tasks_messages/cmake/rosidl_cmake_export_typesupport_targets-extras.cmake
[33.617s] -- Installing: /home/ruben/ciic/install/ciic_ros_tasks_messages/share/ciic_ros_tasks_messages/cmake/ciic_ros_tasks_messagesConfig.cmake
[33.617s] -- Installing: /home/ruben/ciic/install/ciic_ros_tasks_messages/share/ciic_ros_tasks_messages/cmake/ciic_ros_tasks_messagesConfig-version.cmake
[33.618s] -- Installing: /home/ruben/ciic/install/ciic_ros_tasks_messages/share/ciic_ros_tasks_messages/package.xml
[33.623s] Invoked command in '/home/ruben/ciic/build/ciic_ros_tasks_messages' returned '0': CMAKE_PREFIX_PATH=/opt/ros/foxy /usr/bin/cmake --install /home/ruben/ciic/build/ciic_ros_tasks_messages
